<?xml version="1.0" encoding="UTF-8"?>
<testsuite name="PupuTest" time="0.011" tests="4" errors="0" skipped="0" failures="1">
  <properties>
    <property name="java.runtime.name" value="Java(TM) SE Runtime Environment"/>
    <property name="sun.boot.library.path" value="C:\Program Files\Java\jdk1.8.0_25\jre\bin"/>
    <property name="java.vm.version" value="25.25-b02"/>
    <property name="user.country.format" value="FI"/>
    <property name="java.vm.vendor" value="Oracle Corporation"/>
    <property name="java.vendor.url" value="http://java.oracle.com/"/>
    <property name="path.separator" value=";"/>
    <property name="guice.disable.misplaced.annotation.check" value="true"/>
    <property name="java.vm.name" value="Java HotSpot(TM) 64-Bit Server VM"/>
    <property name="file.encoding.pkg" value="sun.io"/>
    <property name="user.script" value=""/>
    <property name="user.country" value="GB"/>
    <property name="sun.java.launcher" value="SUN_STANDARD"/>
    <property name="sun.os.patch.level" value=""/>
    <property name="java.vm.specification.name" value="Java Virtual Machine Specification"/>
    <property name="user.dir" value="C:\Users\Daniel Viktor Isaac\Documents\GitHub\pupu\pupu"/>
    <property name="java.runtime.version" value="1.8.0_25-b18"/>
    <property name="java.awt.graphicsenv" value="sun.awt.Win32GraphicsEnvironment"/>
    <property name="java.endorsed.dirs" value="C:\Program Files\Java\jdk1.8.0_25\jre\lib\endorsed"/>
    <property name="os.arch" value="amd64"/>
    <property name="java.io.tmpdir" value="C:\Users\DANIEL~1\AppData\Local\Temp\"/>
    <property name="line.separator" value="&#10;"/>
    <property name="java.vm.specification.vendor" value="Oracle Corporation"/>
    <property name="user.variant" value=""/>
    <property name="os.name" value="Windows 8.1"/>
    <property name="maven.ext.class.path" value="C:\Users\Daniel Viktor Isaac\AppData\Roaming\NetBeans\8.0.2\maven-nblib\netbeans-eventspy.jar"/>
    <property name="classworlds.conf" value="C:\Program Files\NetBeans 8.0.2\java\maven\bin\m2.conf"/>
    <property name="sun.jnu.encoding" value="Cp1252"/>
    <property name="java.library.path" value="C:\Program Files\Java\jdk1.8.0_25\bin;C:\WINDOWS\Sun\Java\bin;C:\WINDOWS\system32;C:\WINDOWS;C:\ProgramData\Oracle\Java\javapath;C:\Program Files (x86)\NVIDIA Corporation\PhysX\Common;C:\WINDOWS\system32;C:\WINDOWS;C:\WINDOWS\System32\Wbem;C:\WINDOWS\System32\WindowsPowerShell\v1.0\;C:\cygwin64;C:\Program Files (x86)\Skype\Phone\;."/>
    <property name="java.specification.name" value="Java Platform API Specification"/>
    <property name="java.class.version" value="52.0"/>
    <property name="sun.management.compiler" value="HotSpot 64-Bit Tiered Compilers"/>
    <property name="os.version" value="6.3"/>
    <property name="user.home" value="C:\Users\Daniel Viktor Isaac"/>
    <property name="user.timezone" value="Europe/Helsinki"/>
    <property name="java.awt.printerjob" value="sun.awt.windows.WPrinterJob"/>
    <property name="java.specification.version" value="1.8"/>
    <property name="file.encoding" value="UTF-8"/>
    <property name="user.name" value="Daniel Viktor Isaac"/>
    <property name="java.class.path" value="C:\Program Files\NetBeans 8.0.2\java\maven\boot\plexus-classworlds-2.4.jar"/>
    <property name="java.vm.specification.version" value="1.8"/>
    <property name="sun.arch.data.model" value="64"/>
    <property name="java.home" value="C:\Program Files\Java\jdk1.8.0_25\jre"/>
    <property name="sun.java.command" value="org.codehaus.plexus.classworlds.launcher.Launcher -Dmaven.ext.class.path=C:\Users\Daniel Viktor Isaac\AppData\Roaming\NetBeans\8.0.2\maven-nblib\netbeans-eventspy.jar -Dfile.encoding=UTF-8 clean install"/>
    <property name="java.specification.vendor" value="Oracle Corporation"/>
    <property name="user.language" value="en"/>
    <property name="user.language.format" value="fi"/>
    <property name="awt.toolkit" value="sun.awt.windows.WToolkit"/>
    <property name="java.vm.info" value="mixed mode"/>
    <property name="java.version" value="1.8.0_25"/>
    <property name="java.ext.dirs" value="C:\Program Files\Java\jdk1.8.0_25\jre\lib\ext;C:\WINDOWS\Sun\Java\lib\ext"/>
    <property name="sun.boot.class.path" value="C:\Program Files\Java\jdk1.8.0_25\jre\lib\resources.jar;C:\Program Files\Java\jdk1.8.0_25\jre\lib\rt.jar;C:\Program Files\Java\jdk1.8.0_25\jre\lib\sunrsasign.jar;C:\Program Files\Java\jdk1.8.0_25\jre\lib\jsse.jar;C:\Program Files\Java\jdk1.8.0_25\jre\lib\jce.jar;C:\Program Files\Java\jdk1.8.0_25\jre\lib\charsets.jar;C:\Program Files\Java\jdk1.8.0_25\jre\lib\jfr.jar;C:\Program Files\Java\jdk1.8.0_25\jre\classes"/>
    <property name="java.vendor" value="Oracle Corporation"/>
    <property name="maven.home" value="C:\Program Files\NetBeans 8.0.2\java\maven"/>
    <property name="file.separator" value="\"/>
    <property name="java.vendor.url.bug" value="http://bugreport.sun.com/bugreport/"/>
    <property name="sun.cpu.endian" value="little"/>
    <property name="sun.io.unicode.encoding" value="UnicodeLittle"/>
    <property name="sun.desktop" value="windows"/>
    <property name="sun.cpu.isalist" value="amd64"/>
  </properties>
  <testcase name="PupuCanShootTest" classname="PupuTest" time="0.011">
    <failure type="java.lang.AssertionError:">java.lang.AssertionError: null
	at org.junit.Assert.fail(Assert.java:86)
	at org.junit.Assert.assertTrue(Assert.java:41)
	at org.junit.Assert.assertTrue(Assert.java:52)
	at PupuTest.PupuCanShootTest(PupuTest.java:73)
</failure>
    <system-out><![CDATA[4.5.0 NVIDIA 353.62
0.0
0.0
UPS: 56FPS: 58
mouse:0.0 Pos:0.4
x: 875.0
y: 161.0
mouse:875.0 Pos:0.0
UPS: 59FPS: 59
x: 879.0
y: 157.0
mouse:879.0 Pos:0.0
mouse:0.0 Pos:0.4
x: 879.0
y: 157.0
mouse:879.0 Pos:0.0
x: 879.0
y: 157.0
mouse:879.0 Pos:0.0
x: 879.0
y: 157.0
mouse:879.0 Pos:0.0
x: 879.0
y: 157.0
mouse:879.0 Pos:0.0
x: 879.0
y: 157.0
mouse:879.0 Pos:0.0
UPS: 60FPS: 60
x: 879.0
y: 157.0
mouse:879.0 Pos:0.0
mouse:0.0 Pos:0.4
x: 879.0
y: 157.0
mouse:879.0 Pos:0.0
x: 879.0
y: 157.0
mouse:879.0 Pos:0.0
x: 879.0
y: 157.0
mouse:879.0 Pos:0.0
x: 984.0
y: 326.0
mouse:984.0 Pos:0.0
UPS: 60FPS: 60
x: 985.0
y: 326.0
mouse:985.0 Pos:0.0
mouse:0.0 Pos:0.4
x: 982.0
y: 342.0
mouse:982.0 Pos:0.0
x: 982.0
y: 342.0
mouse:982.0 Pos:0.0
x: 982.0
y: 342.0
mouse:982.0 Pos:0.0
UPS: 60FPS: 60
x: 982.0
y: 342.0
mouse:982.0 Pos:0.0
mouse:0.0 Pos:0.4
x: 982.0
y: 342.0
mouse:982.0 Pos:0.0
x: 982.0
y: 342.0
mouse:982.0 Pos:0.0
x: 982.0
y: 342.0
mouse:982.0 Pos:0.0
x: 982.0
y: 342.0
mouse:982.0 Pos:0.0
UPS: 60FPS: 60
x: 982.0
y: 342.0
mouse:982.0 Pos:0.0
mouse:0.0 Pos:0.4
x: 634.0
y: 358.0
mouse:634.0 Pos:0.0
UPS: 60FPS: 60
x: 634.0
y: 358.0
mouse:634.0 Pos:0.0
mouse:0.0 Pos:0.4
x: 634.0
y: 358.0
mouse:634.0 Pos:0.0
x: 628.0
y: 357.0
mouse:628.0 Pos:0.0
UPS: 60FPS: 60
x: 603.0
y: 344.0
mouse:603.0 Pos:0.0
mouse:0.0 Pos:0.4
x: 606.0
y: 336.0
mouse:606.0 Pos:0.0
x: 609.0
y: 329.0
mouse:609.0 Pos:0.0
x: 609.0
y: 329.0
mouse:609.0 Pos:0.0
UPS: 60FPS: 60
x: 609.0
y: 329.0
mouse:609.0 Pos:0.0
mouse:0.0 Pos:0.4
x: 613.0
y: 333.0
mouse:613.0 Pos:0.0
x: 638.0
y: 351.0
mouse:638.0 Pos:0.0
x: 652.0
y: 363.0
mouse:652.0 Pos:0.0
UPS: 59FPS: 59
x: 658.0
y: 366.0
mouse:658.0 Pos:0.0
x: 664.0
y: 369.0
mouse:664.0 Pos:0.0
mouse:0.0 Pos:0.4
x: 664.0
y: 369.0
mouse:664.0 Pos:0.0
UPS: 60FPS: 60
mouse:0.0 Pos:0.4
x: 665.0
y: 375.0
mouse:665.0 Pos:0.0
x: 662.0
y: 388.0
mouse:662.0 Pos:0.0
x: 665.0
y: 388.0
mouse:665.0 Pos:0.0
UPS: 60FPS: 60
x: 666.0
y: 388.0
mouse:666.0 Pos:0.0
mouse:0.0 Pos:0.4
x: 666.0
y: 388.0
mouse:666.0 Pos:0.0
x: 667.0
y: 388.0
mouse:667.0 Pos:0.0
x: 667.0
y: 388.0
mouse:667.0 Pos:0.0
UPS: 60FPS: 60
mouse:0.0 Pos:0.4
x: 667.0
y: 388.0
mouse:667.0 Pos:0.0
x: 660.0
y: 387.0
mouse:660.0 Pos:0.0
UPS: 60FPS: 60
x: 658.0
y: 387.0
mouse:658.0 Pos:0.0
mouse:0.0 Pos:0.4
x: 647.0
y: 359.0
mouse:647.0 Pos:0.0
x: 645.0
y: 358.0
mouse:645.0 Pos:0.0
UPS: 60FPS: 60
x: 642.0
y: 358.0
mouse:642.0 Pos:0.0
mouse:0.0 Pos:0.4
x: 641.0
y: 358.0
mouse:641.0 Pos:0.0
x: 641.0
y: 358.0
mouse:641.0 Pos:0.0
x: 641.0
y: 358.0
mouse:641.0 Pos:0.0
UPS: 60FPS: 60
x: 641.0
y: 358.0
mouse:641.0 Pos:0.0
x: 641.0
y: 358.0
mouse:641.0 Pos:0.0
mouse:0.0 Pos:0.4
x: 641.0
y: 358.0
mouse:641.0 Pos:0.0
x: 640.0
y: 358.0
mouse:640.0 Pos:0.0
UPS: 60FPS: 60
x: 640.0
y: 358.0
mouse:640.0 Pos:0.0
x: 640.0
y: 358.0
mouse:640.0 Pos:0.0
mouse:0.0 Pos:0.4
x: 640.0
y: 358.0
mouse:640.0 Pos:0.0
x: 640.0
y: 358.0
mouse:640.0 Pos:0.0
x: 640.0
y: 358.0
mouse:640.0 Pos:0.0
UPS: 59FPS: 59
x: 640.0
y: 358.0
mouse:640.0 Pos:0.0
x: 640.0
y: 358.0
mouse:640.0 Pos:0.0
mouse:0.0 Pos:0.4
x: 640.0
y: 358.0
mouse:640.0 Pos:0.0
x: 640.0
y: 358.0
mouse:640.0 Pos:0.0
x: 640.0
y: 358.0
mouse:640.0 Pos:0.0
UPS: 60FPS: 60
x: 640.0
y: 358.0
mouse:640.0 Pos:0.0
x: 640.0
y: 358.0
mouse:640.0 Pos:0.0
mouse:0.0 Pos:0.4
x: 640.0
y: 358.0
mouse:640.0 Pos:0.0
UPS: 60FPS: 60
x: 639.0
y: 358.0
mouse:639.0 Pos:0.0
mouse:0.0 Pos:0.4
x: 639.0
y: 358.0
mouse:639.0 Pos:0.0
x: 639.0
y: 358.0
mouse:639.0 Pos:0.0
x: 639.0
y: 358.0
mouse:639.0 Pos:0.0
UPS: 60FPS: 60
x: 639.0
y: 358.0
mouse:639.0 Pos:0.0
x: 639.0
y: 358.0
mouse:639.0 Pos:0.0
mouse:0.0 Pos:0.4
x: 639.0
y: 358.0
mouse:639.0 Pos:0.0
x: 639.0
y: 358.0
mouse:639.0 Pos:0.0
UPS: 60FPS: 60
x: 639.0
y: 358.0
mouse:639.0 Pos:0.0
x: 639.0
y: 358.0
mouse:639.0 Pos:0.0
mouse:0.0 Pos:0.4
x: 639.0
y: 358.0
mouse:639.0 Pos:0.0
x: 639.0
y: 358.0
mouse:639.0 Pos:0.0
UPS: 60FPS: 60
mouse:0.0 Pos:0.4
UPS: 59FPS: 59
x: 639.0
y: 358.0
mouse:639.0 Pos:0.0
x: 639.0
y: 358.0
mouse:639.0 Pos:0.0
mouse:0.0 Pos:0.4
x: 639.0
y: 358.0
mouse:639.0 Pos:0.0
UPS: 59FPS: 59
x: 639.0
y: 358.0
mouse:639.0 Pos:0.0
x: 639.0
y: 358.0
mouse:639.0 Pos:0.0
mouse:0.0 Pos:0.4
x: 639.0
y: 358.0
mouse:639.0 Pos:0.0
x: 639.0
y: 358.0
mouse:639.0 Pos:0.0
UPS: 60FPS: 60
x: 639.0
y: 358.0
mouse:639.0 Pos:0.0
x: 639.0
y: 358.0
mouse:639.0 Pos:0.0
mouse:0.0 Pos:0.4
x: 639.0
y: 358.0
mouse:639.0 Pos:0.0
x: 639.0
y: 358.0
mouse:639.0 Pos:0.0
UPS: 59FPS: 59
x: 639.0
y: 358.0
mouse:639.0 Pos:0.0
x: 639.0
y: 358.0
mouse:639.0 Pos:0.0
x: 639.0
y: 358.0
mouse:639.0 Pos:0.0
mouse:0.0 Pos:0.4
x: 639.0
y: 358.0
mouse:639.0 Pos:0.0
x: 639.0
y: 358.0
mouse:639.0 Pos:0.0
UPS: 60FPS: 60
x: 639.0
y: 358.0
mouse:639.0 Pos:0.0
x: 639.0
y: 358.0
mouse:639.0 Pos:0.0
mouse:0.0 Pos:0.4
x: 639.0
y: 358.0
mouse:639.0 Pos:0.0
UPS: 60FPS: 60
mouse:0.0 Pos:0.4
UPS: 60FPS: 60
mouse:0.0 Pos:0.4
UPS: 60FPS: 60
mouse:0.0 Pos:0.4
UPS: 60FPS: 60
mouse:0.0 Pos:0.4
UPS: 60FPS: 60
mouse:0.0 Pos:0.4
UPS: 60FPS: 60
mouse:0.0 Pos:0.4
UPS: 59FPS: 59
x: 638.0
y: 358.0
mouse:638.0 Pos:0.0
x: 638.0
y: 358.0
mouse:638.0 Pos:0.0
x: 638.0
y: 358.0
mouse:638.0 Pos:0.0
x: 638.0
y: 358.0
mouse:638.0 Pos:0.0
mouse:0.0 Pos:0.4
UPS: 60FPS: 60
x: 638.0
y: 358.0
mouse:638.0 Pos:0.0
x: 638.0
y: 358.0
mouse:638.0 Pos:0.0
mouse:0.0 Pos:0.4
x: 638.0
y: 358.0
mouse:638.0 Pos:0.0
UPS: 60FPS: 60
x: 638.0
y: 358.0
mouse:638.0 Pos:0.0
x: 638.0
y: 358.0
mouse:638.0 Pos:0.0
mouse:0.0 Pos:0.4
x: 638.0
y: 358.0
mouse:638.0 Pos:0.0
UPS: 60FPS: 60
x: 638.0
y: 358.0
mouse:638.0 Pos:0.0
x: 638.0
y: 358.0
mouse:638.0 Pos:0.0
x: 638.0
y: 357.0
mouse:638.0 Pos:0.0
x: 638.0
y: 357.0
mouse:638.0 Pos:0.0
mouse:0.0 Pos:0.4
UPS: 60FPS: 60
mouse:0.0 Pos:0.4
UPS: 60FPS: 60
mouse:0.0 Pos:0.4
UPS: 60FPS: 60
mouse:0.0 Pos:0.4
UPS: 57FPS: 57
x: 636.0
y: 356.0
mouse:636.0 Pos:0.0
x: 636.0
y: 356.0
mouse:636.0 Pos:0.0
mouse:0.0 Pos:0.4
UPS: 60FPS: 60
x: 636.0
y: 356.0
mouse:636.0 Pos:0.0
x: 636.0
y: 356.0
mouse:636.0 Pos:0.0
x: 636.0
y: 356.0
mouse:636.0 Pos:0.0
x: 636.0
y: 356.0
mouse:636.0 Pos:0.0
mouse:0.0 Pos:0.4
UPS: 59FPS: 59
x: 636.0
y: 356.0
mouse:636.0 Pos:0.0
x: 636.0
y: 356.0
mouse:636.0 Pos:0.0
x: 633.0
y: 356.0
mouse:633.0 Pos:0.0
x: 633.0
y: 356.0
mouse:633.0 Pos:0.0
mouse:0.0 Pos:0.4
UPS: 60FPS: 60
x: 633.0
y: 356.0
mouse:633.0 Pos:0.0
x: 633.0
y: 356.0
mouse:633.0 Pos:0.0
x: 633.0
y: 356.0
mouse:633.0 Pos:0.0
UPS: 60FPS: 60
mouse:0.0 Pos:0.4
x: 632.0
y: 356.0
mouse:632.0 Pos:0.0
x: 632.0
y: 356.0
mouse:632.0 Pos:0.0
x: 632.0
y: 356.0
mouse:632.0 Pos:0.0
UPS: 60FPS: 60
mouse:0.0 Pos:0.4
UPS: 60FPS: 60
mouse:0.0 Pos:0.4
UPS: 60FPS: 60
mouse:0.0 Pos:0.4
UPS: 60FPS: 60
mouse:0.0 Pos:0.4
x: 635.0
y: 340.0
mouse:635.0 Pos:0.0
UPS: 59FPS: 59
mouse:0.0 Pos:0.4
x: 635.0
y: 340.0
mouse:635.0 Pos:0.0
x: 635.0
y: 340.0
mouse:635.0 Pos:0.0
x: 635.0
y: 340.0
mouse:635.0 Pos:0.0
x: 635.0
y: 340.0
mouse:635.0 Pos:0.0
UPS: 61FPS: 61
mouse:0.0 Pos:0.4
x: 635.0
y: 340.0
mouse:635.0 Pos:0.0
x: 635.0
y: 340.0
mouse:635.0 Pos:0.0
x: 635.0
y: 340.0
mouse:635.0 Pos:0.0
x: 635.0
y: 340.0
mouse:635.0 Pos:0.0
x: 635.0
y: 340.0
mouse:635.0 Pos:0.0
UPS: 59FPS: 59
mouse:0.0 Pos:0.4
x: 635.0
y: 340.0
mouse:635.0 Pos:0.0
x: 635.0
y: 340.0
mouse:635.0 Pos:0.0
UPS: 56FPS: 56
mouse:0.0 Pos:0.4
UPS: 58FPS: 58
mouse:0.30000001192092896 Pos:0.4
x: 666.0
y: 336.0
mouse:666.0 Pos:0.3
x: 666.0
y: 336.0
mouse:666.0 Pos:0.3
UPS: 60FPS: 60
x: 666.0
y: 336.0
mouse:666.0 Pos:0.3
x: 666.0
y: 336.0
mouse:666.0 Pos:0.3
mouse:0.30000001192092896 Pos:0.4
x: 666.0
y: 336.0
mouse:666.0 Pos:0.3
x: 666.0
y: 336.0
mouse:666.0 Pos:0.3
x: 666.0
y: 336.0
mouse:666.0 Pos:0.3
UPS: 60FPS: 60
x: 666.0
y: 336.0
mouse:666.0 Pos:0.3
mouse:0.30000001192092896 Pos:0.4
x: 673.0
y: 339.0
mouse:673.0 Pos:0.3
x: 677.0
y: 340.0
mouse:677.0 Pos:0.3
x: 677.0
y: 340.0
mouse:677.0 Pos:0.3
UPS: 60FPS: 60
x: 678.0
y: 340.0
mouse:678.0 Pos:0.3
x: 681.0
y: 341.0
mouse:681.0 Pos:0.3
mouse:0.30000001192092896 Pos:0.4
x: 683.0
y: 341.0
mouse:683.0 Pos:0.3
x: 691.0
y: 343.0
mouse:691.0 Pos:0.3
x: 691.0
y: 344.0
mouse:691.0 Pos:0.3
UPS: 60FPS: 60
x: 691.0
y: 344.0
mouse:691.0 Pos:0.3
mouse:0.30000001192092896 Pos:0.4
x: 689.0
y: 344.0
mouse:689.0 Pos:0.3
x: 684.0
y: 344.0
mouse:684.0 Pos:0.3
x: 682.0
y: 344.0
mouse:682.0 Pos:0.3
UPS: 59FPS: 59
x: 675.0
y: 345.0
mouse:675.0 Pos:0.3
mouse:0.30000001192092896 Pos:0.4
x: 674.0
y: 345.0
mouse:674.0 Pos:0.3
x: 674.0
y: 345.0
mouse:674.0 Pos:0.3
x: 674.0
y: 345.0
mouse:674.0 Pos:0.3
UPS: 60FPS: 60
x: 674.0
y: 345.0
mouse:674.0 Pos:0.3
x: 674.0
y: 345.0
mouse:674.0 Pos:0.3
mouse:0.30000001192092896 Pos:0.4
x: 674.0
y: 345.0
mouse:674.0 Pos:0.3
x: 671.0
y: 345.0
mouse:671.0 Pos:0.3
UPS: 60FPS: 60
x: 661.0
y: 343.0
mouse:661.0 Pos:0.3
x: 660.0
y: 343.0
mouse:660.0 Pos:0.3
mouse:0.30000001192092896 Pos:0.4
x: 658.0
y: 343.0
mouse:658.0 Pos:0.3
x: 654.0
y: 343.0
mouse:654.0 Pos:0.3
x: 654.0
y: 343.0
mouse:654.0 Pos:0.3
UPS: 60FPS: 60
x: 653.0
y: 343.0
mouse:653.0 Pos:0.3
mouse:0.30000001192092896 Pos:0.4
x: 653.0
y: 343.0
mouse:653.0 Pos:0.3
x: 653.0
y: 343.0
mouse:653.0 Pos:0.3
x: 653.0
y: 343.0
mouse:653.0 Pos:0.3
UPS: 60FPS: 60
x: 653.0
y: 343.0
mouse:653.0 Pos:0.3
x: 653.0
y: 343.0
mouse:653.0 Pos:0.3
mouse:0.30000001192092896 Pos:0.4
x: 653.0
y: 343.0
mouse:653.0 Pos:0.3
x: 653.0
y: 343.0
mouse:653.0 Pos:0.3
x: 653.0
y: 343.0
mouse:653.0 Pos:0.3
UPS: 60FPS: 60
x: 653.0
y: 343.0
mouse:653.0 Pos:0.3
x: 653.0
y: 343.0
mouse:653.0 Pos:0.3
mouse:0.30000001192092896 Pos:0.4
UPS: 59FPS: 59
mouse:0.10000001639127731 Pos:0.4
x: 652.0
y: 343.0
mouse:652.0 Pos:-0.19999999
UPS: 60FPS: 60
mouse:-0.19999998807907104 Pos:0.4
UPS: 59FPS: 59
mouse:-0.19999998807907104 Pos:0.4
x: 649.0
y: 342.0
mouse:649.0 Pos:1.4901161E-8
x: 648.0
y: 342.0
mouse:648.0 Pos:1.4901161E-8
UPS: 60FPS: 60
x: 648.0
y: 342.0
mouse:648.0 Pos:1.4901161E-8
mouse:1.4901161193847656E-8 Pos:0.4
x: 647.0
y: 342.0
mouse:647.0 Pos:1.4901161E-8
x: 647.0
y: 342.0
mouse:647.0 Pos:-0.09999999
UPS: 60FPS: 60
x: 647.0
y: 342.0
mouse:647.0 Pos:-0.09999999
x: 647.0
y: 342.0
mouse:647.0 Pos:-0.09999999
mouse:-0.09999998658895493 Pos:0.4
x: 647.0
y: 342.0
mouse:647.0 Pos:-0.09999999
x: 646.0
y: 342.0
mouse:646.0 Pos:-0.09999999
UPS: 60FPS: 60
x: 646.0
y: 342.0
mouse:646.0 Pos:-0.09999999
x: 646.0
y: 342.0
mouse:646.0 Pos:-0.09999999
x: 646.0
y: 342.0
mouse:646.0 Pos:-0.09999999
mouse:-0.09999998658895493 Pos:0.4
x: 646.0
y: 342.0
mouse:646.0 Pos:-0.09999999
UPS: 60FPS: 60
x: 646.0
y: 342.0
mouse:646.0 Pos:-0.09999999
x: 645.0
y: 342.0
mouse:645.0 Pos:-0.09999999
x: 645.0
y: 342.0
mouse:645.0 Pos:-0.09999999
mouse:-0.09999998658895493 Pos:0.4
x: 634.0
y: 342.0
mouse:634.0 Pos:-0.09999999
x: 612.0
y: 346.0
mouse:612.0 Pos:-0.09999999
UPS: 60FPS: 60
x: 622.0
y: 349.0
mouse:622.0 Pos:-0.09999999
x: 622.0
y: 349.0
mouse:622.0 Pos:-0.09999999
mouse:-0.09999998658895493 Pos:0.4
UPS: 60FPS: 60
mouse:-0.09999998658895493 Pos:0.4
UPS: 58FPS: 58
mouse:-0.09999998658895493 Pos:0.4
UPS: 59FPS: 59
mouse:-0.09999998658895493 Pos:0.4
UPS: 60FPS: 60
mouse:-0.09999998658895493 Pos:0.4
UPS: 60FPS: 60
mouse:-0.09999998658895493 Pos:0.4
UPS: 60FPS: 60
mouse:-0.09999998658895493 Pos:0.4
UPS: 59FPS: 59
mouse:-0.09999998658895493 Pos:0.4
UPS: 60FPS: 60
mouse:-0.09999998658895493 Pos:0.4
UPS: 60FPS: 60
mouse:-0.09999998658895493 Pos:0.4
UPS: 57FPS: 57
mouse:-0.09999998658895493 Pos:0.4
UPS: 60FPS: 60
mouse:-0.09999998658895493 Pos:0.4
UPS: 60FPS: 60
mouse:-0.09999998658895493 Pos:0.4
UPS: 60FPS: 60
mouse:-0.09999998658895493 Pos:0.4
x: 629.0
y: 360.0
mouse:629.0 Pos:-0.09999999
UPS: 60FPS: 60
x: 629.0
y: 360.0
mouse:629.0 Pos:-0.09999999
x: 629.0
y: 360.0
mouse:629.0 Pos:-0.09999999
x: 629.0
y: 360.0
mouse:629.0 Pos:-0.09999999
x: 629.0
y: 360.0
mouse:629.0 Pos:-0.09999999
UPS: 58FPS: 58
mouse:-0.09999998658895493 Pos:0.4
x: 631.0
y: 360.0
mouse:631.0 Pos:-0.09999999
x: 636.0
y: 360.0
mouse:636.0 Pos:-0.09999999
x: 639.0
y: 362.0
mouse:639.0 Pos:-0.09999999
x: 639.0
y: 362.0
mouse:639.0 Pos:-0.09999999
UPS: 60FPS: 60
mouse:-0.09999998658895493 Pos:0.4
x: 635.0
y: 363.0
mouse:635.0 Pos:-0.09999999
x: 634.0
y: 363.0
mouse:634.0 Pos:-0.09999999
x: 634.0
y: 363.0
mouse:634.0 Pos:-0.09999999
x: 631.0
y: 361.0
mouse:631.0 Pos:-0.09999999
x: 631.0
y: 361.0
mouse:631.0 Pos:-0.09999999
UPS: 60FPS: 60
mouse:-0.09999998658895493 Pos:0.4
x: 631.0
y: 361.0
mouse:631.0 Pos:-0.09999999
x: 631.0
y: 361.0
mouse:631.0 Pos:-0.09999999
x: 631.0
y: 361.0
mouse:631.0 Pos:-0.09999999
x: 631.0
y: 361.0
mouse:631.0 Pos:-0.09999999
UPS: 57FPS: 57
x: 631.0
y: 361.0
mouse:631.0 Pos:-0.09999999
mouse:-0.09999998658895493 Pos:0.4
x: 631.0
y: 361.0
mouse:631.0 Pos:-0.09999999
x: 631.0
y: 361.0
mouse:631.0 Pos:-0.09999999
x: 630.0
y: 361.0
mouse:630.0 Pos:-0.09999999
UPS: 60FPS: 60
x: 628.0
y: 360.0
mouse:628.0 Pos:-0.09999999
mouse:-0.09999998658895493 Pos:0.4
x: 628.0
y: 360.0
mouse:628.0 Pos:-0.09999999
x: 628.0
y: 360.0
mouse:628.0 Pos:-0.09999999
x: 628.0
y: 360.0
mouse:628.0 Pos:-0.09999999
x: 628.0
y: 360.0
mouse:628.0 Pos:-0.09999999
UPS: 60FPS: 60
x: 628.0
y: 360.0
mouse:628.0 Pos:-0.09999999
mouse:-0.09999998658895493 Pos:0.4
x: 628.0
y: 360.0
mouse:628.0 Pos:-0.09999999
x: 628.0
y: 360.0
mouse:628.0 Pos:-0.09999999
x: 628.0
y: 360.0
mouse:628.0 Pos:-0.09999999
x: 628.0
y: 360.0
mouse:628.0 Pos:-0.09999999
UPS: 60FPS: 60
x: 628.0
y: 360.0
mouse:628.0 Pos:-0.09999999
mouse:-0.09999998658895493 Pos:0.4
x: 628.0
y: 360.0
mouse:628.0 Pos:-0.09999999
x: 628.0
y: 360.0
mouse:628.0 Pos:-0.09999999
x: 628.0
y: 360.0
mouse:628.0 Pos:-0.09999999
UPS: 60FPS: 60
mouse:-0.09999998658895493 Pos:0.4
x: 628.0
y: 360.0
mouse:628.0 Pos:-0.09999999
x: 628.0
y: 360.0
mouse:628.0 Pos:-0.09999999
x: 627.0
y: 362.0
mouse:627.0 Pos:-0.09999999
x: 627.0
y: 362.0
mouse:627.0 Pos:-0.09999999
UPS: 59FPS: 59
x: 627.0
y: 362.0
mouse:627.0 Pos:-0.09999999
mouse:-0.09999998658895493 Pos:0.4
x: 627.0
y: 362.0
mouse:627.0 Pos:-0.09999999
x: 627.0
y: 362.0
mouse:627.0 Pos:-0.09999999
x: 627.0
y: 362.0
mouse:627.0 Pos:-0.09999999
x: 626.0
y: 362.0
mouse:626.0 Pos:-0.09999999
UPS: 59FPS: 59
x: 625.0
y: 363.0
mouse:625.0 Pos:-0.09999999
mouse:-0.09999998658895493 Pos:0.4
x: 625.0
y: 363.0
mouse:625.0 Pos:-0.09999999
x: 625.0
y: 363.0
mouse:625.0 Pos:-0.09999999
x: 625.0
y: 363.0
mouse:625.0 Pos:-0.09999999
UPS: 58FPS: 58
x: 624.0
y: 363.0
mouse:624.0 Pos:-0.09999999
mouse:-0.09999998658895493 Pos:0.4
x: 620.0
y: 366.0
mouse:620.0 Pos:-0.09999999
x: 619.0
y: 368.0
mouse:619.0 Pos:-0.09999999
UPS: 60FPS: 60
x: 619.0
y: 368.0
mouse:619.0 Pos:-0.09999999
x: 625.0
y: 369.0
mouse:625.0 Pos:-0.09999999
mouse:-0.09999998658895493 Pos:0.4
x: 627.0
y: 370.0
mouse:627.0 Pos:-0.09999999
x: 628.0
y: 370.0
mouse:628.0 Pos:-0.09999999
x: 629.0
y: 371.0
mouse:629.0 Pos:-0.09999999
UPS: 60FPS: 60
x: 629.0
y: 371.0
mouse:629.0 Pos:-0.09999999
x: 629.0
y: 371.0
mouse:629.0 Pos:-0.09999999
mouse:-0.09999998658895493 Pos:0.4
x: 629.0
y: 371.0
mouse:629.0 Pos:-0.09999999
x: 629.0
y: 371.0
mouse:629.0 Pos:-0.09999999
x: 629.0
y: 371.0
mouse:629.0 Pos:-0.09999999
UPS: 60FPS: 60
x: 631.0
y: 372.0
mouse:631.0 Pos:-0.09999999
mouse:-0.09999998658895493 Pos:0.4
x: 632.0
y: 372.0
mouse:632.0 Pos:-0.09999999
x: 633.0
y: 372.0
mouse:633.0 Pos:-0.09999999
x: 633.0
y: 372.0
mouse:633.0 Pos:-0.09999999
UPS: 60FPS: 60
x: 633.0
y: 372.0
mouse:633.0 Pos:-0.09999999
mouse:-0.09999998658895493 Pos:0.4
x: 633.0
y: 372.0
mouse:633.0 Pos:-0.09999999
x: 634.0
y: 369.0
mouse:634.0 Pos:-0.09999999
UPS: 60FPS: 60
x: 634.0
y: 368.0
mouse:634.0 Pos:-0.09999999
x: 634.0
y: 368.0
mouse:634.0 Pos:-0.09999999
mouse:-0.09999998658895493 Pos:0.4
x: 634.0
y: 368.0
mouse:634.0 Pos:-0.09999999
x: 634.0
y: 368.0
mouse:634.0 Pos:-0.09999999
UPS: 57FPS: 57
x: 634.0
y: 368.0
mouse:634.0 Pos:-0.09999999
mouse:-0.09999998658895493 Pos:0.4
x: 634.0
y: 368.0
mouse:634.0 Pos:-0.09999999
x: 634.0
y: 368.0
mouse:634.0 Pos:-0.09999999
UPS: 60FPS: 60
x: 635.0
y: 368.0
mouse:635.0 Pos:-0.09999999
mouse:-0.09999998658895493 Pos:0.4
x: 636.0
y: 368.0
mouse:636.0 Pos:-0.09999999
UPS: 59FPS: 59
x: 641.0
y: 368.0
mouse:641.0 Pos:0.10000002
mouse:0.10000001639127731 Pos:0.4
x: 655.0
y: 366.0
mouse:655.0 Pos:0.10000002
UPS: 60FPS: 60
x: 656.0
y: 366.0
mouse:656.0 Pos:0.10000002
x: 656.0
y: 366.0
mouse:656.0 Pos:0.10000002
mouse:0.10000001639127731 Pos:0.4
x: 644.0
y: 362.0
mouse:644.0 Pos:0.10000002
UPS: 60FPS: 60
x: 644.0
y: 362.0
mouse:644.0 Pos:0.10000002
x: 644.0
y: 362.0
mouse:644.0 Pos:0.10000002
mouse:0.10000001639127731 Pos:0.4
x: 644.0
y: 362.0
mouse:644.0 Pos:0.10000002
x: 644.0
y: 362.0
mouse:644.0 Pos:0.10000002
x: 644.0
y: 362.0
mouse:644.0 Pos:0.10000002
UPS: 60FPS: 60
x: 644.0
y: 362.0
mouse:644.0 Pos:0.10000002
x: 644.0
y: 362.0
mouse:644.0 Pos:0.10000002
mouse:0.10000001639127731 Pos:0.4
x: 644.0
y: 362.0
mouse:644.0 Pos:0.10000002
x: 644.0
y: 362.0
mouse:644.0 Pos:0.10000002
UPS: 57FPS: 57
x: 644.0
y: 362.0
mouse:644.0 Pos:0.10000002
x: 644.0
y: 362.0
mouse:644.0 Pos:0.10000002
x: 644.0
y: 362.0
mouse:644.0 Pos:0.10000002
mouse:0.10000001639127731 Pos:0.4
x: 644.0
y: 362.0
mouse:644.0 Pos:0.10000002
x: 644.0
y: 362.0
mouse:644.0 Pos:0.10000002
UPS: 60FPS: 60
x: 644.0
y: 362.0
mouse:644.0 Pos:0.10000002
x: 644.0
y: 362.0
mouse:644.0 Pos:0.10000002
mouse:0.10000001639127731 Pos:0.4
x: 644.0
y: 362.0
mouse:644.0 Pos:0.10000002
UPS: 60FPS: 60
mouse:0.10000001639127731 Pos:0.4
]]></system-out>
  </testcase>
  <testcase name="PupuCanCreateGunTest" classname="PupuTest" time="0"/>
  <testcase name="PupuCanBeCreatedTest" classname="PupuTest" time="0"/>
  <testcase name="PupuCanMoveTest" classname="PupuTest" time="0"/>
</testsuite>