<?xml version="1.0" encoding="UTF-8"?>
<testsuite name="PupuTest" time="0.044" tests="4" errors="0" skipped="0" failures="1">
  <properties>
    <property name="java.runtime.name" value="Java(TM) SE Runtime Environment"/>
    <property name="sun.boot.library.path" value="C:\Program Files\Java\jdk1.8.0_25\jre\bin"/>
    <property name="java.vm.version" value="25.25-b02"/>
    <property name="user.country.format" value="FI"/>
    <property name="java.vm.vendor" value="Oracle Corporation"/>
    <property name="java.vendor.url" value="http://java.oracle.com/"/>
    <property name="path.separator" value=";"/>
    <property name="guice.disable.misplaced.annotation.check" value="true"/>
    <property name="java.vm.name" value="Java HotSpot(TM) 64-Bit Server VM"/>
    <property name="file.encoding.pkg" value="sun.io"/>
    <property name="user.script" value=""/>
    <property name="user.country" value="GB"/>
    <property name="sun.java.launcher" value="SUN_STANDARD"/>
    <property name="sun.os.patch.level" value=""/>
    <property name="java.vm.specification.name" value="Java Virtual Machine Specification"/>
    <property name="user.dir" value="C:\Users\Daniel Viktor Isaac\Documents\GitHub\pupu\pupu"/>
    <property name="java.runtime.version" value="1.8.0_25-b18"/>
    <property name="java.awt.graphicsenv" value="sun.awt.Win32GraphicsEnvironment"/>
    <property name="java.endorsed.dirs" value="C:\Program Files\Java\jdk1.8.0_25\jre\lib\endorsed"/>
    <property name="os.arch" value="amd64"/>
    <property name="java.io.tmpdir" value="C:\Users\DANIEL~1\AppData\Local\Temp\"/>
    <property name="line.separator" value="&#10;"/>
    <property name="java.vm.specification.vendor" value="Oracle Corporation"/>
    <property name="user.variant" value=""/>
    <property name="os.name" value="Windows 8.1"/>
    <property name="maven.ext.class.path" value="C:\Users\Daniel Viktor Isaac\AppData\Roaming\NetBeans\8.0.2\maven-nblib\netbeans-eventspy.jar"/>
    <property name="classworlds.conf" value="C:\Program Files\NetBeans 8.0.2\java\maven\bin\m2.conf"/>
    <property name="sun.jnu.encoding" value="Cp1252"/>
    <property name="java.library.path" value="C:\Program Files\Java\jdk1.8.0_25\bin;C:\WINDOWS\Sun\Java\bin;C:\WINDOWS\system32;C:\WINDOWS;C:\ProgramData\Oracle\Java\javapath;C:\Program Files (x86)\NVIDIA Corporation\PhysX\Common;C:\WINDOWS\system32;C:\WINDOWS;C:\WINDOWS\System32\Wbem;C:\WINDOWS\System32\WindowsPowerShell\v1.0\;C:\cygwin64;C:\Program Files (x86)\Skype\Phone\;."/>
    <property name="java.specification.name" value="Java Platform API Specification"/>
    <property name="java.class.version" value="52.0"/>
    <property name="sun.management.compiler" value="HotSpot 64-Bit Tiered Compilers"/>
    <property name="os.version" value="6.3"/>
    <property name="user.home" value="C:\Users\Daniel Viktor Isaac"/>
    <property name="user.timezone" value="Europe/Helsinki"/>
    <property name="java.awt.printerjob" value="sun.awt.windows.WPrinterJob"/>
    <property name="java.specification.version" value="1.8"/>
    <property name="file.encoding" value="UTF-8"/>
    <property name="user.name" value="Daniel Viktor Isaac"/>
    <property name="java.class.path" value="C:\Program Files\NetBeans 8.0.2\java\maven\boot\plexus-classworlds-2.4.jar"/>
    <property name="java.vm.specification.version" value="1.8"/>
    <property name="sun.arch.data.model" value="64"/>
    <property name="java.home" value="C:\Program Files\Java\jdk1.8.0_25\jre"/>
    <property name="sun.java.command" value="org.codehaus.plexus.classworlds.launcher.Launcher -Dmaven.ext.class.path=C:\Users\Daniel Viktor Isaac\AppData\Roaming\NetBeans\8.0.2\maven-nblib\netbeans-eventspy.jar -Dfile.encoding=UTF-8 clean install"/>
    <property name="java.specification.vendor" value="Oracle Corporation"/>
    <property name="user.language" value="en"/>
    <property name="user.language.format" value="fi"/>
    <property name="awt.toolkit" value="sun.awt.windows.WToolkit"/>
    <property name="java.vm.info" value="mixed mode"/>
    <property name="java.version" value="1.8.0_25"/>
    <property name="java.ext.dirs" value="C:\Program Files\Java\jdk1.8.0_25\jre\lib\ext;C:\WINDOWS\Sun\Java\lib\ext"/>
    <property name="sun.boot.class.path" value="C:\Program Files\Java\jdk1.8.0_25\jre\lib\resources.jar;C:\Program Files\Java\jdk1.8.0_25\jre\lib\rt.jar;C:\Program Files\Java\jdk1.8.0_25\jre\lib\sunrsasign.jar;C:\Program Files\Java\jdk1.8.0_25\jre\lib\jsse.jar;C:\Program Files\Java\jdk1.8.0_25\jre\lib\jce.jar;C:\Program Files\Java\jdk1.8.0_25\jre\lib\charsets.jar;C:\Program Files\Java\jdk1.8.0_25\jre\lib\jfr.jar;C:\Program Files\Java\jdk1.8.0_25\jre\classes"/>
    <property name="java.vendor" value="Oracle Corporation"/>
    <property name="maven.home" value="C:\Program Files\NetBeans 8.0.2\java\maven"/>
    <property name="file.separator" value="\"/>
    <property name="java.vendor.url.bug" value="http://bugreport.sun.com/bugreport/"/>
    <property name="sun.cpu.endian" value="little"/>
    <property name="sun.io.unicode.encoding" value="UnicodeLittle"/>
    <property name="sun.desktop" value="windows"/>
    <property name="sun.cpu.isalist" value="amd64"/>
  </properties>
  <testcase name="PupuCanShootTest" classname="PupuTest" time="0.044">
    <failure type="java.lang.AssertionError:">java.lang.AssertionError: null
	at org.junit.Assert.fail(Assert.java:86)
	at org.junit.Assert.assertTrue(Assert.java:41)
	at org.junit.Assert.assertTrue(Assert.java:52)
	at PupuTest.PupuCanShootTest(PupuTest.java:73)
</failure>
    <system-out><![CDATA[4.5.0 NVIDIA 353.62
0.0
0.0
Carrots : 0
Carrots : 0
Carrots : 0
Carrots : 0
Carrots : 0
Carrots : 0
Carrots : 0
Carrots : 0
Carrots : 0
Carrots : 0
Carrots : 0
Carrots : 0
Carrots : 0
Carrots : 0
Carrots : 0
Carrots : 0
Carrots : 0
Carrots : 0
Carrots : 0
Carrots : 0
Carrots : 0
Carrots : 0
Carrots : 0
Carrots : 0
Carrots : 0
Carrots : 0
Carrots : 0
Carrots : 0
Carrots : 0
Carrots : 0
Carrots : 0
Carrots : 0
Carrots : 0
Carrots : 0
Carrots : 0
Carrots : 0
Carrots : 0
Carrots : 0
Carrots : 0
Carrots : 0
Carrots : 0
Carrots : 0
Carrots : 0
Carrots : 0
Carrots : 0
Carrots : 0
Carrots : 0
Carrots : 0
Carrots : 0
Carrots : 0
Carrots : 0
Carrots : 0
Carrots : 0
Carrots : 0
Carrots : 0
Carrots : 0
Carrots : 0
Carrots : 0
Carrots : 0
UPS: 59FPS: 61
Carrots : 0
Carrots : 0
Carrots : 0
Carrots : 0
Carrots : 0
Carrots : 0
Carrots : 0
Carrots : 0
Carrots : 0
Carrots : 0
Carrots : 0
Carrots : 0
Carrots : 0
Carrots : 0
Carrots : 0
Carrots : 0
Carrots : 0
Carrots : 0
Carrots : 0
Carrots : 0
Carrots : 0
Carrots : 0
Carrots : 0
Carrots : 0
Carrots : 0
Carrots : 0
Carrots : 0
Carrots : 0
Carrots : 0
Carrots : 0
Carrots : 0
Carrots : 0
Carrots : 0
0.0
Carrots : 0
Carrots : 0
Carrots : 0
Carrots : 0
Carrots : 0
Carrots : 0
Carrots : 0
Carrots : 0
Carrots : 0
Carrots : 0
Carrots : 0
Carrots : 0
Carrots : 0
Carrots : 0
Carrots : 0
Carrots : 0
Carrots : 0
Carrots : 0
Carrots : 0
Carrots : 0
Carrots : 0
Carrots : 0
Carrots : 0
Carrots : 0
Carrots : 0
Carrots : 0
UPS: 59FPS: 59
Carrots : 0
Carrots : 0
Carrots : 0
Carrots : 0
Carrots : 0
Carrots : 0
x: 514.0
y: 348.0
mousey:0.18000000000000016 Posy:0.0
Carrots : 0
Carrots : 0
Carrots : 0
Carrots : 0
Carrots : 0
Carrots : 0
Carrots : 0
Carrots : 0
Carrots : 0
Carrots : 0
Carrots : 0
Carrots : 0
hit
Carrots : 0
Carrots : 0
Carrots : 0
Carrots : 0
Carrots : 0
Carrots : 0
Carrots : 0
Carrots : 0
Carrots : 0
Carrots : 0
Carrots : 0
Carrots : 0
Carrots : 0
Carrots : 0
Carrots : 0
Carrots : 0
Carrots : 0
Carrots : 0
Carrots : 0
Carrots : 0
Carrots : 0
Carrots : 0
Carrots : 0
Carrots : 0
Carrots : 0
Carrots : 0
Carrots : 0
Carrots : 0
Carrots : 0
Carrots : 0
Carrots : 0
Carrots : 0
Carrots : 0
Carrots : 0
Carrots : 0
Carrots : 0
Carrots : 0
Carrots : 0
Carrots : 0
Carrots : 0
Carrots : 0
UPS: 59FPS: 59
Carrots : 0
Carrots : 0
Carrots : 0
Carrots : 0
Carrots : 0
Carrots : 0
0.0
Carrots : 0
Carrots : 0
Carrots : 0
Carrots : 0
Carrots : 0
Carrots : 0
Carrots : 0
Carrots : 0
Carrots : 0
Carrots : 0
Carrots : 0
Carrots : 0
Carrots : 0
Carrots : 0
Carrots : 0
Carrots : 0
Carrots : 0
Carrots : 0
Carrots : 0
Carrots : 0
Carrots : 0
Carrots : 0
Carrots : 0
Carrots : 0
Carrots : 0
Carrots : 0
Carrots : 0
Carrots : 0
Carrots : 0
Carrots : 0
Carrots : 0
Carrots : 0
Carrots : 0
Carrots : 0
Carrots : 0
Carrots : 0
Carrots : 0
Carrots : 0
Carrots : 0
Carrots : 0
Carrots : 0
Carrots : 0
Carrots : 0
Carrots : 0
Carrots : 0
Carrots : 0
Carrots : 0
x: 534.0
y: 321.0
mousey:0.5850000000000002 Posy:0.0
Carrots : 0
hit
Carrots : 0
Carrots : 1
Carrots : 1
Carrots : 1
UPS: 58FPS: 58
Carrots : 1
Carrots : 1
Carrots : 1
Carrots : 1
Carrots : 1
Carrots : 1
Carrots : 1
Carrots : 1
Carrots : 1
Carrots : 1
Carrots : 1
Carrots : 1
Carrots : 1
Carrots : 1
Carrots : 1
Carrots : 1
Carrots : 1
Carrots : 1
Carrots : 1
Carrots : 1
Carrots : 1
Carrots : 1
Carrots : 1
Carrots : 1
Carrots : 1
Carrots : 1
Carrots : 1
Carrots : 1
Carrots : 1
Carrots : 1
Carrots : 1
Carrots : 1
Carrots : 1
Carrots : 1
Carrots : 1
Carrots : 1
Carrots : 1
Carrots : 1
Carrots : 1
0.0
Carrots : 1
Carrots : 1
Carrots : 1
Carrots : 1
Carrots : 1
Carrots : 1
Carrots : 1
Carrots : 1
Carrots : 1
Carrots : 1
Carrots : 1
Carrots : 1
Carrots : 1
x: 653.0
y: 296.0
mousey:0.9600000000000002 Posy:0.0
Carrots : 1
Carrots : 1
hit
Carrots : 1
Carrots : 2
Carrots : 2
Carrots : 2
Carrots : 2
Carrots : 2
UPS: 60FPS: 60
Carrots : 2
Carrots : 2
Carrots : 2
Carrots : 2
Carrots : 2
Carrots : 2
Carrots : 2
Carrots : 2
Carrots : 2
Carrots : 2
Carrots : 2
Carrots : 2
Carrots : 2
Carrots : 2
Carrots : 2
Carrots : 2
Carrots : 2
Carrots : 2
Carrots : 2
Carrots : 2
Carrots : 2
Carrots : 2
Carrots : 2
Carrots : 2
Carrots : 2
Carrots : 2
Carrots : 2
Carrots : 2
Carrots : 2
Carrots : 2
Carrots : 2
Carrots : 2
Carrots : 2
Carrots : 2
Carrots : 2
Carrots : 2
Carrots : 2
Carrots : 2
Carrots : 2
Carrots : 2
Carrots : 2
Carrots : 2
Carrots : 2
Carrots : 2
Carrots : 2
Carrots : 2
Carrots : 2
Carrots : 2
Carrots : 2
Carrots : 2
Carrots : 2
Carrots : 2
Carrots : 2
Carrots : 2
x: 822.0
y: 369.0
mousey:-0.1349999999999998 Posy:0.0
Carrots : 2
Carrots : 2
Carrots : 2
Carrots : 2
Carrots : 2
UPS: 59FPS: 59
Carrots : 2
Carrots : 2
Carrots : 2
Carrots : 2
Carrots : 2
Carrots : 2
Carrots : 2
Carrots : 2
Carrots : 2
Carrots : 2
Carrots : 2
0.0
Carrots : 2
Carrots : 2
Carrots : 2
Carrots : 2
Carrots : 2
Carrots : 2
Carrots : 2
Carrots : 2
Carrots : 2
Carrots : 2
Carrots : 2
Carrots : 2
Carrots : 2
Carrots : 2
Carrots : 2
Carrots : 2
Carrots : 2
Carrots : 2
Carrots : 2
x: 776.0
y: 329.0
mousey:0.4650000000000001 Posy:0.0
Carrots : 2
Carrots : 2
Carrots : 2
Carrots : 2
Carrots : 2
Carrots : 2
Carrots : 2
Carrots : 2
Carrots : 2
Carrots : 2
Carrots : 2
x: 743.0
y: 274.0
mousey:1.2899999999999998 Posy:0.0
Carrots : 2
Carrots : 2
Carrots : 2
Carrots : 2
Carrots : 2
Carrots : 2
Carrots : 2
Carrots : 2
Carrots : 2
Carrots : 2
Carrots : 2
Carrots : 2
Carrots : 2
hit
Carrots : 2
Carrots : 2
Carrots : 2
UPS: 57FPS: 57
Carrots : 2
Carrots : 2
Carrots : 2
Carrots : 2
Carrots : 2
Carrots : 2
Carrots : 2
Carrots : 2
Carrots : 2
Carrots : 2
Carrots : 2
Carrots : 2
Carrots : 2
Carrots : 2
Carrots : 2
Carrots : 2
Carrots : 2
Carrots : 2
Carrots : 2
Carrots : 2
Carrots : 2
Carrots : 2
Carrots : 2
Carrots : 2
Carrots : 2
Carrots : 2
Carrots : 2
Carrots : 2
Carrots : 2
Carrots : 2
Carrots : 2
Carrots : 2
Carrots : 2
Carrots : 2
Carrots : 2
Carrots : 2
Carrots : 2
Carrots : 2
Carrots : 2
Carrots : 2
Carrots : 2
Carrots : 2
Carrots : 2
Carrots : 2
Carrots : 2
0.0
Carrots : 2
Carrots : 2
Carrots : 2
Carrots : 2
Carrots : 2
Carrots : 2
Carrots : 2
Carrots : 2
Carrots : 2
Carrots : 2
Carrots : 2
Carrots : 2
Carrots : 2
UPS: 58FPS: 58
Carrots : 2
Carrots : 2
Carrots : 2
Carrots : 2
Carrots : 2
Carrots : 2
Carrots : 2
Carrots : 2
Carrots : 2
Carrots : 2
Carrots : 2
Carrots : 2
Carrots : 2
Carrots : 2
Carrots : 2
Carrots : 2
Carrots : 2
Carrots : 2
x: 624.0
y: 444.0
mousey:-1.2600000000000005 Posy:0.0
Carrots : 2
Carrots : 2
Carrots : 2
Carrots : 2
Carrots : 2
Carrots : 2
Carrots : 2
Carrots : 2
Carrots : 2
hit
Carrots : 2
Carrots : 2
Carrots : 2
Carrots : 2
Carrots : 2
Carrots : 2
Carrots : 2
Carrots : 2
Carrots : 2
Carrots : 2
Carrots : 2
Carrots : 2
Carrots : 2
Carrots : 2
Carrots : 2
Carrots : 2
Carrots : 2
Carrots : 2
Carrots : 2
Carrots : 2
Carrots : 2
Carrots : 2
Carrots : 2
Carrots : 2
Carrots : 2
Carrots : 2
Carrots : 2
Carrots : 2
Carrots : 2
Carrots : 2
Carrots : 2
Carrots : 2
UPS: 59FPS: 59
Carrots : 2
Carrots : 2
Carrots : 2
Carrots : 2
Carrots : 2
Carrots : 2
Carrots : 2
Carrots : 2
Carrots : 2
Carrots : 2
Carrots : 2
Carrots : 2
Carrots : 2
Carrots : 2
Carrots : 2
Carrots : 2
Carrots : 2
Carrots : 2
Carrots : 2
0.0
Carrots : 2
Carrots : 2
Carrots : 2
Carrots : 2
Carrots : 2
Carrots : 2
Carrots : 2
Carrots : 2
Carrots : 2
Carrots : 2
Carrots : 2
Carrots : 2
Carrots : 2
Carrots : 2
Carrots : 2
Carrots : 2
Carrots : 2
Carrots : 2
Carrots : 2
Carrots : 2
Carrots : 2
Carrots : 2
Carrots : 2
Carrots : 2
Carrots : 2
Carrots : 2
Carrots : 2
Carrots : 2
Carrots : 2
Carrots : 2
Carrots : 2
Carrots : 2
Carrots : 2
x: 542.0
y: 498.0
mousey:-2.0700000000000003 Posy:0.0
Carrots : 2
Carrots : 2
Carrots : 2
Carrots : 2
Carrots : 2
Carrots : 2
UPS: 58FPS: 58
Carrots : 2
Carrots : 2
Carrots : 2
Carrots : 2
Carrots : 2
Carrots : 2
Carrots : 2
Carrots : 2
Carrots : 2
Carrots : 2
hit
Carrots : 2
Carrots : 2
Carrots : 2
Carrots : 2
Carrots : 2
Carrots : 2
Carrots : 2
Carrots : 2
Carrots : 2
Carrots : 2
Carrots : 2
Carrots : 2
Carrots : 2
Carrots : 2
Carrots : 2
Carrots : 2
Carrots : 2
Carrots : 2
Carrots : 2
Carrots : 2
Carrots : 2
Carrots : 2
Carrots : 2
Carrots : 2
Carrots : 2
Carrots : 2
Carrots : 2
Carrots : 2
Carrots : 2
Carrots : 2
Carrots : 2
Carrots : 2
Carrots : 2
Carrots : 2
Carrots : 2
Carrots : 2
Carrots : 2
Carrots : 2
Carrots : 2
Carrots : 2
Carrots : 2
Carrots : 2
0.0
Carrots : 2
Carrots : 2
Carrots : 2
Carrots : 2
Carrots : 2
Carrots : 2
Carrots : 2
UPS: 59FPS: 59
Carrots : 2
Carrots : 2
Carrots : 2
Carrots : 2
Carrots : 2
Carrots : 2
Carrots : 2
Carrots : 2
Carrots : 2
Carrots : 2
Carrots : 2
Carrots : 2
Carrots : 2
Carrots : 2
Carrots : 2
Carrots : 2
Carrots : 2
Carrots : 2
Carrots : 2
Carrots : 2
Carrots : 2
Carrots : 2
Carrots : 2
Carrots : 2
Carrots : 2
Carrots : 2
Carrots : 2
Carrots : 2
x: 515.0
y: 389.0
mousey:-0.43500000000000005 Posy:0.0
Carrots : 2
Carrots : 2
Carrots : 2
Carrots : 2
Carrots : 2
Carrots : 2
Carrots : 2
hit
Carrots : 2
Carrots : 2
Carrots : 2
Carrots : 2
Carrots : 2
Carrots : 2
Carrots : 2
Carrots : 2
Carrots : 2
Carrots : 2
Carrots : 2
Carrots : 2
Carrots : 2
Carrots : 2
Carrots : 2
Carrots : 2
Carrots : 2
Carrots : 2
Carrots : 2
Carrots : 2
Carrots : 2
Carrots : 2
Carrots : 2
Carrots : 2
UPS: 59FPS: 59
Carrots : 2
Carrots : 2
Carrots : 2
Carrots : 2
Carrots : 2
Carrots : 2
Carrots : 2
Carrots : 2
Carrots : 2
Carrots : 2
Carrots : 2
Carrots : 2
Carrots : 2
Carrots : 2
Carrots : 2
Carrots : 2
Carrots : 2
Carrots : 2
Carrots : 2
Carrots : 2
Carrots : 2
Carrots : 2
Carrots : 2
Carrots : 2
Carrots : 2
0.0
Carrots : 2
Carrots : 2
Carrots : 2
Carrots : 2
Carrots : 2
Carrots : 2
Carrots : 2
Carrots : 2
Carrots : 2
Carrots : 2
Carrots : 2
Carrots : 2
Carrots : 2
Carrots : 2
Carrots : 2
Carrots : 2
Carrots : 2
Carrots : 2
Carrots : 2
Carrots : 2
Carrots : 2
Carrots : 2
Carrots : 2
Carrots : 2
Carrots : 2
Carrots : 2
Carrots : 2
Carrots : 2
Carrots : 2
Carrots : 2
Carrots : 2
Carrots : 2
Carrots : 2
Carrots : 2
UPS: 59FPS: 59
Carrots : 2
Carrots : 2
Carrots : 2
Carrots : 2
Carrots : 2
Carrots : 2
Carrots : 2
Carrots : 2
Carrots : 2
Carrots : 2
Carrots : 2
Carrots : 2
Carrots : 2
Carrots : 2
Carrots : 2
x: 373.0
y: 355.0
mousey:0.0750000000000004 Posy:0.0
Carrots : 2
Carrots : 2
Carrots : 2
Carrots : 2
Carrots : 2
Carrots : 2
Carrots : 2
Carrots : 2
Carrots : 2
Carrots : 2
Carrots : 2
Carrots : 2
Carrots : 2
mousey:5.4 Posy:-3.6354363E-4
Carrots : 2
hit
Carrots : 2
Carrots : 2
Carrots : 2
Carrots : 2
Carrots : 2
Carrots : 2
Carrots : 2
Carrots : 2
Carrots : 2
Carrots : 2
Carrots : 2
Carrots : 2
Carrots : 2
Carrots : 2
Carrots : 2
Carrots : 2
Carrots : 2
Carrots : 2
Carrots : 2
Carrots : 2
Carrots : 2
Carrots : 2
Carrots : 2
Carrots : 2
Carrots : 2
Carrots : 2
Carrots : 2
Carrots : 2
0.0
UPS: 57FPS: 57
Carrots : 2
Carrots : 2
Carrots : 2
Carrots : 2
Carrots : 2
Carrots : 2
Carrots : 2
Carrots : 2
Carrots : 2
Carrots : 2
Carrots : 2
Carrots : 2
Carrots : 2
Carrots : 2
Carrots : 2
Carrots : 2
Carrots : 2
Carrots : 2
Carrots : 2
Carrots : 2
Carrots : 2
Carrots : 2
Carrots : 2
Carrots : 2
Carrots : 2
Carrots : 2
Carrots : 2
Carrots : 2
Carrots : 2
Carrots : 2
Carrots : 2
Carrots : 2
Carrots : 2
Carrots : 2
Carrots : 2
Carrots : 2
Carrots : 2
Carrots : 2
Carrots : 2
Carrots : 2
Carrots : 2
Carrots : 2
Carrots : 2
Carrots : 2
Carrots : 2
Carrots : 2
Carrots : 2
Carrots : 2
Carrots : 2
Carrots : 2
Carrots : 2
Carrots : 2
Carrots : 2
Carrots : 2
Carrots : 2
Carrots : 2
Carrots : 2
Carrots : 2
x: 776.0
y: 573.0
mousey:-3.1950000000000003 Posy:0.0
UPS: 58FPS: 58
Carrots : 2
Carrots : 2
Carrots : 2
Carrots : 2
mousey:5.4 Posy:-1.3328295
Carrots : 2
Carrots : 2
Carrots : 2
Carrots : 2
Carrots : 2
Carrots : 2
hit
Carrots : 2
Carrots : 2
Carrots : 2
Carrots : 2
Carrots : 2
Carrots : 2
Carrots : 2
Carrots : 2
Carrots : 2
Carrots : 2
Carrots : 2
Carrots : 2
Carrots : 2
Carrots : 2
Carrots : 2
Carrots : 2
Carrots : 2
Carrots : 2
Carrots : 2
Carrots : 2
Carrots : 2
Carrots : 2
Carrots : 2
0.0
Carrots : 2
Carrots : 2
Carrots : 2
Carrots : 2
Carrots : 2
Carrots : 2
Carrots : 2
Carrots : 2
Carrots : 2
Carrots : 2
Carrots : 2
Carrots : 2
Carrots : 2
Carrots : 2
Carrots : 2
Carrots : 2
Carrots : 2
Carrots : 2
Carrots : 2
Carrots : 2
Carrots : 2
Carrots : 2
Carrots : 2
Carrots : 2
Carrots : 2
Carrots : 2
Carrots : 2
UPS: 60FPS: 60
Carrots : 2
Carrots : 2
x: 1065.0
y: 344.0
mousey:0.2400000000000002 Posy:0.0
Carrots : 2
Carrots : 2
hit
Carrots : 2
Carrots : 2
Carrots : 2
Carrots : 2
Carrots : 2
Carrots : 2
Carrots : 2
Carrots : 2
Carrots : 2
Carrots : 2
Carrots : 2
Carrots : 2
Carrots : 2
Carrots : 2
Carrots : 2
Carrots : 2
Carrots : 2
Carrots : 2
Carrots : 2
Carrots : 2
Carrots : 2
Carrots : 2
Carrots : 2
Carrots : 2
Carrots : 2
Carrots : 2
Carrots : 2
Carrots : 2
Carrots : 2
Carrots : 2
Carrots : 2
Carrots : 2
Carrots : 2
Carrots : 2
Carrots : 2
Carrots : 2
Carrots : 2
Carrots : 2
Carrots : 2
Carrots : 2
Carrots : 2
Carrots : 2
Carrots : 2
Carrots : 2
Carrots : 2
Carrots : 2
Carrots : 2
Carrots : 2
Carrots : 2
Carrots : 2
Carrots : 2
Carrots : 2
Carrots : 2
Carrots : 2
Carrots : 2
Carrots : 2
UPS: 60FPS: 60
Carrots : 2
Carrots : 2
Carrots : 2
Carrots : 2
0.0
Carrots : 2
Carrots : 2
Carrots : 2
Carrots : 2
Carrots : 2
Carrots : 2
Carrots : 2
Carrots : 2
Carrots : 2
Carrots : 2
Carrots : 2
Carrots : 2
Carrots : 2
Carrots : 2
Carrots : 2
Carrots : 2
Carrots : 2
Carrots : 2
Carrots : 2
Carrots : 2
Carrots : 2
Carrots : 2
Carrots : 2
Carrots : 2
Carrots : 2
Carrots : 2
Carrots : 2
Carrots : 2
Carrots : 2
Carrots : 2
Carrots : 2
Carrots : 2
Carrots : 2
Carrots : 2
Carrots : 2
Carrots : 2
Carrots : 2
x: 1000.0
y: 472.0
mousey:-1.6799999999999995 Posy:0.0
Carrots : 2
Carrots : 2
Carrots : 2
Carrots : 2
hit
Carrots : 2
Carrots : 2
Carrots : 2
Carrots : 2
Carrots : 2
Carrots : 2
Carrots : 2
Carrots : 2
Carrots : 2
Carrots : 2
Carrots : 2
Carrots : 2
Carrots : 2
Carrots : 2
Carrots : 2
UPS: 60FPS: 60
Carrots : 2
Carrots : 2
Carrots : 2
Carrots : 2
Carrots : 2
Carrots : 2
Carrots : 2
Carrots : 2
Carrots : 2
Carrots : 2
Carrots : 2
Carrots : 2
Carrots : 2
Carrots : 2
Carrots : 2
Carrots : 2
Carrots : 2
Carrots : 2
Carrots : 2
Carrots : 2
Carrots : 2
Carrots : 2
Carrots : 2
Carrots : 2
Carrots : 2
Carrots : 2
Carrots : 2
Carrots : 2
Carrots : 2
Carrots : 2
Carrots : 2
Carrots : 2
Carrots : 2
Carrots : 2
Carrots : 2
0.0
Carrots : 2
Carrots : 2
Carrots : 2
Carrots : 2
Carrots : 2
Carrots : 2
Carrots : 2
Carrots : 2
Carrots : 2
Carrots : 2
Carrots : 2
Carrots : 2
Carrots : 2
Carrots : 2
Carrots : 2
Carrots : 2
Carrots : 2
Carrots : 2
Carrots : 2
Carrots : 2
Carrots : 2
Carrots : 2
Carrots : 2
Carrots : 2
Carrots : 2
UPS: 60FPS: 60
Carrots : 2
Carrots : 2
Carrots : 2
Carrots : 2
Carrots : 2
Carrots : 2
Carrots : 2
Carrots : 2
Carrots : 2
Carrots : 2
Carrots : 2
Carrots : 2
Carrots : 2
Carrots : 2
Carrots : 2
Carrots : 2
Carrots : 2
Carrots : 2
Carrots : 2
Carrots : 2
x: 892.0
y: 426.0
mousey:-0.9899999999999995 Posy:0.0
Carrots : 2
Carrots : 2
Carrots : 2
Carrots : 2
Carrots : 2
Carrots : 2
Carrots : 2
Carrots : 2
Carrots : 2
Carrots : 2
Carrots : 2
hit
Carrots : 2
Carrots : 2
Carrots : 2
Carrots : 2
Carrots : 2
Carrots : 2
Carrots : 2
Carrots : 2
Carrots : 2
Carrots : 2
Carrots : 2
Carrots : 2
Carrots : 2
Carrots : 2
Carrots : 2
Carrots : 2
Carrots : 2
Carrots : 2
Carrots : 2
Carrots : 2
Carrots : 2
Carrots : 2
Carrots : 2
Carrots : 2
Carrots : 2
Carrots : 2
Carrots : 2
Carrots : 2
UPS: 59FPS: 59
Carrots : 2
Carrots : 2
Carrots : 2
Carrots : 2
Carrots : 2
Carrots : 2
Carrots : 2
0.0
Carrots : 2
Carrots : 2
Carrots : 2
Carrots : 2
Carrots : 2
Carrots : 2
Carrots : 2
Carrots : 2
Carrots : 2
Carrots : 2
Carrots : 2
Carrots : 2
Carrots : 2
Carrots : 2
Carrots : 2
Carrots : 2
Carrots : 2
Carrots : 2
Carrots : 2
Carrots : 2
Carrots : 2
Carrots : 2
Carrots : 2
Carrots : 2
Carrots : 2
Carrots : 2
Carrots : 2
Carrots : 2
Carrots : 2
Carrots : 2
Carrots : 2
Carrots : 2
Carrots : 2
Carrots : 2
Carrots : 2
Carrots : 2
x: 324.0
y: 481.0
mousey:-1.8149999999999993 Posy:0.0
Carrots : 2
Carrots : 2
hit
Carrots : 2
Carrots : 3
Carrots : 3
Carrots : 3
Carrots : 3
Carrots : 3
Carrots : 3
Carrots : 3
Carrots : 3
Carrots : 3
UPS: 55FPS: 55
Carrots : 3
Carrots : 3
Carrots : 3
Carrots : 3
Carrots : 3
Carrots : 3
Carrots : 3
Carrots : 3
Carrots : 3
Carrots : 3
Carrots : 3
Carrots : 3
Carrots : 3
Carrots : 3
Carrots : 3
Carrots : 3
Carrots : 3
Carrots : 3
Carrots : 3
Carrots : 3
Carrots : 3
Carrots : 3
Carrots : 3
Carrots : 3
Carrots : 3
Carrots : 3
Carrots : 3
Carrots : 3
Carrots : 3
Carrots : 3
Carrots : 3
Carrots : 3
Carrots : 3
Carrots : 3
Carrots : 3
Carrots : 3
Carrots : 3
Carrots : 3
Carrots : 3
Carrots : 3
Carrots : 3
Carrots : 3
Carrots : 3
0.0
Carrots : 3
Carrots : 3
Carrots : 3
Carrots : 3
Carrots : 3
Carrots : 3
Carrots : 3
Carrots : 3
Carrots : 3
Carrots : 3
Carrots : 3
Carrots : 3
Carrots : 3
Carrots : 3
Carrots : 3
Carrots : 3
Carrots : 3
UPS: 60FPS: 60
Carrots : 3
Carrots : 3
Carrots : 3
Carrots : 3
Carrots : 3
Carrots : 3
Carrots : 3
Carrots : 3
Carrots : 3
Carrots : 3
Carrots : 3
Carrots : 3
Carrots : 3
Carrots : 3
Carrots : 3
Carrots : 3
Carrots : 3
Carrots : 3
Carrots : 3
Carrots : 3
Carrots : 3
Carrots : 3
Carrots : 3
Carrots : 3
Carrots : 3
Carrots : 3
Carrots : 3
Carrots : 3
Carrots : 3
Carrots : 3
Carrots : 3
Carrots : 3
Carrots : 3
Carrots : 3
Carrots : 3
Carrots : 3
Carrots : 3
Carrots : 3
Carrots : 3
Carrots : 3
Carrots : 3
Carrots : 3
Carrots : 3
Carrots : 3
Carrots : 3
mousey:5.4 Posy:-1.1196022
Carrots : 3
Carrots : 3
Carrots : 3
Carrots : 3
Carrots : 3
Carrots : 3
Carrots : 3
Carrots : 3
Carrots : 3
Carrots : 3
Carrots : 3
Carrots : 3
Carrots : 3
Carrots : 3
Carrots : 3
UPS: 60FPS: 60
Carrots : 3
Carrots : 3
Carrots : 3
Carrots : 3
Carrots : 3
Carrots : 3
Carrots : 3
Carrots : 3
Carrots : 3
Carrots : 3
Carrots : 3
Carrots : 3
Carrots : 3
Carrots : 3
0.0
Carrots : 3
Carrots : 3
Carrots : 3
Carrots : 3
Carrots : 3
Carrots : 3
Carrots : 3
Carrots : 3
Carrots : 3
Carrots : 3
Carrots : 3
Carrots : 3
Carrots : 3
Carrots : 3
Carrots : 3
Carrots : 3
Carrots : 3
Carrots : 3
Carrots : 3
Carrots : 3
Carrots : 3
Carrots : 3
Carrots : 3
Carrots : 3
Carrots : 3
Carrots : 3
Carrots : 3
Carrots : 3
Carrots : 3
Carrots : 3
Carrots : 3
Carrots : 3
mousey:5.4 Posy:-0.5096028
Carrots : 3
Carrots : 3
Carrots : 2
Carrots : 2
Carrots : 2
Carrots : 2
Carrots : 2
Carrots : 2
Carrots : 2
Carrots : 2
Carrots : 2
Carrots : 2
UPS: 58FPS: 58
Carrots : 2
Carrots : 2
x: 955.0
y: 430.0
mousey:-1.0499999999999996 Posy:0.0
Carrots : 2
hit
Carrots : 2
Carrots : 3
Carrots : 3
Carrots : 3
Carrots : 3
Carrots : 3
Carrots : 3
x: 1016.0
y: 439.0
mousey:-1.1849999999999994 Posy:0.0
Carrots : 3
Carrots : 3
Carrots : 3
Carrots : 3
Carrots : 3
Carrots : 3
Carrots : 3
Carrots : 3
mousey:5.4 Posy:-6.8064034E-4
Carrots : 3
Carrots : 3
hit
Carrots : 3
Carrots : 3
Carrots : 3
Carrots : 3
Carrots : 3
Carrots : 3
Carrots : 3
Carrots : 3
x: 1014.0
y: 440.0
mousey:-1.2000000000000004 Posy:0.0
Carrots : 3
Carrots : 3
Carrots : 3
Carrots : 3
Carrots : 3
Carrots : 3
Carrots : 3
Carrots : 3
Carrots : 3
Carrots : 3
Carrots : 3
Carrots : 3
Carrots : 3
Carrots : 3
Carrots : 3
Carrots : 3
Carrots : 3
Carrots : 3
Carrots : 3
0.0
Carrots : 3
Carrots : 3
Carrots : 3
Carrots : 3
Carrots : 3
Carrots : 3
UPS: 53FPS: 53
Carrots : 3
Carrots : 3
Carrots : 3
Carrots : 3
Carrots : 3
Carrots : 3
Carrots : 3
Carrots : 3
Carrots : 3
Carrots : 3
Carrots : 3
Carrots : 3
Carrots : 3
Carrots : 3
Carrots : 3
Carrots : 3
Carrots : 3
Carrots : 3
Carrots : 3
Carrots : 3
Carrots : 3
Carrots : 3
Carrots : 3
Carrots : 3
Carrots : 3
Carrots : 3
Carrots : 3
Carrots : 3
x: 498.0
y: 603.0
mousey:-3.6450000000000005 Posy:0.0
Carrots : 3
Carrots : 3
Carrots : 3
Carrots : 3
Carrots : 3
Carrots : 3
Carrots : 3
Carrots : 3
Carrots : 3
Carrots : 3
Carrots : 3
Carrots : 3
hit
Carrots : 3
Carrots : 3
Carrots : 3
Carrots : 3
Carrots : 3
Carrots : 3
Carrots : 3
Carrots : 3
Carrots : 3
Carrots : 3
Carrots : 3
Carrots : 3
Carrots : 3
Carrots : 3
Carrots : 3
Carrots : 3
Carrots : 3
Carrots : 3
UPS: 58FPS: 58
Carrots : 3
Carrots : 3
Carrots : 3
Carrots : 3
Carrots : 3
Carrots : 3
Carrots : 3
Carrots : 3
Carrots : 3
Carrots : 3
Carrots : 3
Carrots : 3
Carrots : 3
Carrots : 3
Carrots : 3
Carrots : 3
Carrots : 3
Carrots : 3
Carrots : 3
Carrots : 3
Carrots : 3
Carrots : 3
Carrots : 3
Carrots : 3
Carrots : 3
x: 380.0
y: 204.0
mousey:2.34 Posy:0.0
Carrots : 3
Carrots : 3
0.0
Carrots : 3
Carrots : 3
Carrots : 3
Carrots : 3
Carrots : 3
Carrots : 3
Carrots : 3
Carrots : 3
Carrots : 3
Carrots : 3
Carrots : 3
Carrots : 3
Carrots : 3
Carrots : 3
Carrots : 3
Carrots : 3
Carrots : 3
Carrots : 3
Carrots : 3
Carrots : 3
Carrots : 3
Carrots : 3
Carrots : 3
Carrots : 3
Carrots : 3
Carrots : 3
Carrots : 3
Carrots : 3
Carrots : 3
Carrots : 3
Carrots : 3
UPS: 58FPS: 58
Carrots : 3
Carrots : 3
Carrots : 3
Carrots : 3
x: 543.0
y: 551.0
mousey:-2.8649999999999993 Posy:0.0
Carrots : 3
Carrots : 3
Carrots : 3
Carrots : 3
Carrots : 3
Carrots : 3
Carrots : 3
Carrots : 3
Carrots : 3
Carrots : 3
Carrots : 3
Carrots : 3
Carrots : 3
Carrots : 3
Carrots : 3
hit
Carrots : 3
Carrots : 3
Carrots : 3
Carrots : 3
Carrots : 3
Carrots : 3
Carrots : 3
Carrots : 3
Carrots : 3
x: 929.0
y: 227.0
mousey:1.995 Posy:0.0
Carrots : 3
Carrots : 3
Carrots : 3
Carrots : 3
Carrots : 3
Carrots : 3
Carrots : 3
Carrots : 3
Carrots : 3
Carrots : 3
Carrots : 3
Carrots : 3
Carrots : 3
Carrots : 3
Carrots : 3
Carrots : 3
Carrots : 3
Carrots : 3
Carrots : 3
Carrots : 3
Carrots : 3
Carrots : 3
Carrots : 3
Carrots : 3
Carrots : 3
Carrots : 3
Carrots : 3
Carrots : 3
Carrots : 3
Carrots : 3
Carrots : 3
UPS: 59FPS: 59
Carrots : 3
0.0
Carrots : 3
Carrots : 3
Carrots : 3
Carrots : 3
Carrots : 3
Carrots : 3
x: 521.0
y: 504.0
mousey:-2.16 Posy:0.0
Carrots : 3
Carrots : 3
Carrots : 3
Carrots : 3
Carrots : 3
Carrots : 3
Carrots : 3
Carrots : 3
hit
Carrots : 3
Carrots : 3
Carrots : 3
Carrots : 3
Carrots : 3
Carrots : 3
Carrots : 3
Carrots : 3
Carrots : 3
Carrots : 3
Carrots : 3
x: 515.0
y: 506.0
mousey:-2.1899999999999995 Posy:0.0
Carrots : 3
Carrots : 3
Carrots : 3
Carrots : 3
Carrots : 3
Carrots : 3
Carrots : 3
Carrots : 3
Carrots : 3
Carrots : 3
Carrots : 3
Carrots : 3
Carrots : 3
Carrots : 3
Carrots : 3
Carrots : 3
Carrots : 3
Carrots : 3
Carrots : 3
Carrots : 3
Carrots : 3
Carrots : 3
Carrots : 3
Carrots : 3
Carrots : 3
Carrots : 3
Carrots : 3
Carrots : 3
Carrots : 3
Carrots : 3
UPS: 56FPS: 56
Carrots : 3
Carrots : 3
Carrots : 3
Carrots : 3
Carrots : 3
Carrots : 3
Carrots : 3
Carrots : 3
Carrots : 3
Carrots : 3
Carrots : 3
Carrots : 3
Carrots : 3
Carrots : 3
Carrots : 3
Carrots : 3
Carrots : 3
Carrots : 3
Carrots : 3
Carrots : 3
Carrots : 3
Carrots : 3
Carrots : 3
Carrots : 3
Carrots : 3
Carrots : 3
Carrots : 3
Carrots : 3
Carrots : 3
Carrots : 3
Carrots : 3
Carrots : 3
Carrots : 3
Carrots : 3
Carrots : 3
Carrots : 3
0.0
x: 676.0
y: 433.0
mousey:-1.095 Posy:0.0
Carrots : 3
Carrots : 3
Carrots : 3
Carrots : 3
Carrots : 3
Carrots : 3
Carrots : 3
Carrots : 3
Carrots : 3
Carrots : 3
Carrots : 3
Carrots : 3
Carrots : 3
Carrots : 3
Carrots : 3
x: 676.0
y: 433.0
mousey:-1.095 Posy:0.0
Carrots : 3
Carrots : 3
Carrots : 3
Carrots : 3
Carrots : 3
Carrots : 3
UPS: 57FPS: 57
Carrots : 3
Carrots : 3
Carrots : 3
Carrots : 3
Carrots : 3
Carrots : 3
Carrots : 3
Carrots : 3
Carrots : 3
Carrots : 3
Carrots : 3
Carrots : 3
Carrots : 3
Carrots : 3
Carrots : 3
Carrots : 3
Carrots : 3
Carrots : 3
Carrots : 3
Carrots : 3
Carrots : 3
Carrots : 3
Carrots : 3
Carrots : 3
x: 564.0
y: 473.0
mousey:-1.6950000000000005 Posy:0.0
Carrots : 3
Carrots : 3
Carrots : 3
Carrots : 3
Carrots : 3
Carrots : 3
Carrots : 3
Carrots : 3
Carrots : 3
Carrots : 3
hit
Carrots : 3
Carrots : 3
Carrots : 3
Carrots : 3
Carrots : 3
Carrots : 3
Carrots : 3
Carrots : 3
Carrots : 3
Carrots : 3
Carrots : 3
Carrots : 3
Carrots : 3
Carrots : 3
Carrots : 3
Carrots : 3
Carrots : 3
Carrots : 3
Carrots : 3
Carrots : 3
Carrots : 3
Carrots : 3
Carrots : 3
Carrots : 3
Carrots : 3
UPS: 59FPS: 59
Carrots : 3
Carrots : 3
Carrots : 3
Carrots : 3
Carrots : 3
Carrots : 3
Carrots : 3
Carrots : 3
Carrots : 3
Carrots : 3
Carrots : 3
0.0
Carrots : 3
Carrots : 3
Carrots : 3
Carrots : 3
Carrots : 3
Carrots : 3
Carrots : 3
Carrots : 3
Carrots : 3
Carrots : 3
Carrots : 3
Carrots : 3
Carrots : 3
Carrots : 3
Carrots : 3
Carrots : 3
Carrots : 3
Carrots : 3
Carrots : 3
Carrots : 3
x: 522.0
y: 319.0
mousey:0.6150000000000002 Posy:0.0
Carrots : 3
Carrots : 3
Carrots : 3
hit
Carrots : 3
Carrots : 3
Carrots : 3
Carrots : 3
Carrots : 3
Carrots : 3
Carrots : 3
Carrots : 3
Carrots : 3
Carrots : 3
Carrots : 3
Carrots : 3
Carrots : 3
Carrots : 3
Carrots : 3
Carrots : 3
Carrots : 3
Carrots : 3
Carrots : 3
Carrots : 3
Carrots : 3
Carrots : 3
Carrots : 3
Carrots : 3
Carrots : 3
Carrots : 3
UPS: 60FPS: 60
Carrots : 3
Carrots : 3
Carrots : 3
Carrots : 3
Carrots : 3
Carrots : 3
Carrots : 3
Carrots : 3
Carrots : 3
Carrots : 3
Carrots : 3
Carrots : 3
Carrots : 3
Carrots : 3
Carrots : 3
Carrots : 3
Carrots : 3
Carrots : 3
Carrots : 3
Carrots : 3
Carrots : 3
Carrots : 3
Carrots : 3
Carrots : 3
Carrots : 3
Carrots : 3
Carrots : 3
Carrots : 3
Carrots : 3
Carrots : 3
Carrots : 3
Carrots : 3
Carrots : 3
Carrots : 3
Carrots : 3
Carrots : 3
Carrots : 3
Carrots : 3
Carrots : 3
Carrots : 3
Carrots : 3
Carrots : 3
0.0
Carrots : 3
Carrots : 3
Carrots : 3
Carrots : 3
Carrots : 3
Carrots : 3
Carrots : 3
Carrots : 3
Carrots : 3
Carrots : 3
Carrots : 3
Carrots : 3
Carrots : 3
Carrots : 3
Carrots : 3
Carrots : 3
Carrots : 3
UPS: 59FPS: 59
Carrots : 3
Carrots : 3
Carrots : 3
Carrots : 3
Carrots : 3
Carrots : 3
Carrots : 3
Carrots : 3
Carrots : 3
Carrots : 3
Carrots : 3
Carrots : 3
Carrots : 3
Carrots : 3
Carrots : 3
Carrots : 3
Carrots : 3
Carrots : 3
x: 852.0
y: 381.0
mousey:-0.31499999999999995 Posy:0.0
Carrots : 3
Carrots : 3
Carrots : 3
Carrots : 3
Carrots : 3
Carrots : 3
Carrots : 3
Carrots : 3
Carrots : 3
Carrots : 3
Carrots : 3
Carrots : 3
Carrots : 3
Carrots : 3
hit
Carrots : 3
Carrots : 3
Carrots : 3
Carrots : 3
Carrots : 3
Carrots : 3
Carrots : 3
Carrots : 3
Carrots : 3
Carrots : 3
Carrots : 3
Carrots : 3
Carrots : 3
Carrots : 3
Carrots : 3
Carrots : 3
Carrots : 3
Carrots : 3
Carrots : 3
Carrots : 3
Carrots : 3
Carrots : 3
Carrots : 3
Carrots : 3
Carrots : 3
Carrots : 3
Carrots : 3
UPS: 59FPS: 59
Carrots : 3
Carrots : 3
Carrots : 3
Carrots : 3
Carrots : 3
Carrots : 3
Carrots : 3
Carrots : 3
Carrots : 3
Carrots : 3
Carrots : 3
Carrots : 3
Carrots : 3
Carrots : 3
Carrots : 3
0.0
Carrots : 3
Carrots : 3
Carrots : 3
Carrots : 3
Carrots : 3
Carrots : 3
Carrots : 3
Carrots : 3
Carrots : 3
Carrots : 3
Carrots : 3
Carrots : 3
Carrots : 3
Carrots : 3
Carrots : 3
Carrots : 3
Carrots : 3
Carrots : 3
Carrots : 3
Carrots : 3
Carrots : 3
Carrots : 3
Carrots : 3
Carrots : 3
Carrots : 3
Carrots : 3
Carrots : 3
Carrots : 3
Carrots : 3
Carrots : 3
Carrots : 3
Carrots : 3
x: 580.0
y: 268.0
mousey:1.38 Posy:0.0
Carrots : 3
Carrots : 3
Carrots : 3
Carrots : 3
Carrots : 3
Carrots : 3
Carrots : 3
Carrots : 3
Carrots : 3
Carrots : 3
Carrots : 3
Carrots : 3
hit
UPS: 59FPS: 59
Carrots : 3
Carrots : 3
Carrots : 3
Carrots : 3
Carrots : 3
Carrots : 3
x: 642.0
y: 260.0
mousey:1.5 Posy:0.0
Carrots : 3
Carrots : 3
Carrots : 3
Carrots : 3
Carrots : 3
Carrots : 3
Carrots : 3
Carrots : 3
Carrots : 3
Carrots : 3
Carrots : 3
Carrots : 3
Carrots : 3
Carrots : 3
Carrots : 3
Carrots : 3
Carrots : 3
Carrots : 3
Carrots : 3
Carrots : 3
Carrots : 3
Carrots : 3
Carrots : 3
Carrots : 3
Carrots : 3
Carrots : 3
Carrots : 3
Carrots : 3
Carrots : 3
Carrots : 3
Carrots : 3
Carrots : 3
Carrots : 3
Carrots : 3
Carrots : 3
Carrots : 3
Carrots : 3
Carrots : 3
Carrots : 3
Carrots : 3
Carrots : 3
0.0
Carrots : 3
Carrots : 3
Carrots : 3
Carrots : 3
Carrots : 3
Carrots : 3
Carrots : 3
Carrots : 3
Carrots : 3
Carrots : 3
Carrots : 3
Carrots : 3
Carrots : 3
Carrots : 3
UPS: 61FPS: 61
Carrots : 3
Carrots : 3
Carrots : 3
Carrots : 3
Carrots : 3
Carrots : 3
Carrots : 3
Carrots : 3
Carrots : 3
Carrots : 3
Carrots : 3
Carrots : 3
Carrots : 3
Carrots : 3
Carrots : 3
Carrots : 3
Carrots : 3
Carrots : 3
x: 547.0
y: 405.0
mousey:-0.6749999999999996 Posy:0.0
Carrots : 3
Carrots : 3
Carrots : 3
Carrots : 3
Carrots : 3
Carrots : 3
Carrots : 3
Carrots : 3
Carrots : 3
Carrots : 3
Carrots : 3
Carrots : 3
Carrots : 3
Carrots : 3
Carrots : 3
Carrots : 3
Carrots : 3
Carrots : 3
Carrots : 3
Carrots : 3
Carrots : 3
Carrots : 3
Carrots : 3
Carrots : 3
Carrots : 3
Carrots : 3
Carrots : 3
Carrots : 3
Carrots : 3
Carrots : 3
mousey:5.4 Posy:-0.0011879951
Carrots : 3
x: 548.0
y: 335.0
mousey:0.375 Posy:0.0
Carrots : 3
Carrots : 3
Carrots : 3
Carrots : 3
Carrots : 3
Carrots : 3
Carrots : 3
Carrots : 3
Carrots : 3
hit
UPS: 58FPS: 58
Carrots : 3
Carrots : 3
Carrots : 3
Carrots : 3
Carrots : 3
Carrots : 3
Carrots : 3
Carrots : 3
Carrots : 3
Carrots : 3
Carrots : 3
Carrots : 3
Carrots : 3
Carrots : 3
Carrots : 3
Carrots : 3
Carrots : 3
Carrots : 3
Carrots : 3
0.0
Carrots : 3
Carrots : 3
Carrots : 3
Carrots : 3
Carrots : 3
Carrots : 3
Carrots : 3
Carrots : 3
Carrots : 3
Carrots : 3
Carrots : 3
Carrots : 3
Carrots : 3
Carrots : 3
Carrots : 3
Carrots : 3
Carrots : 3
Carrots : 3
Carrots : 3
Carrots : 3
Carrots : 3
Carrots : 3
Carrots : 3
Carrots : 3
Carrots : 3
Carrots : 3
Carrots : 3
Carrots : 3
Carrots : 3
Carrots : 3
Carrots : 3
Carrots : 3
Carrots : 3
Carrots : 3
Carrots : 3
Carrots : 3
Carrots : 3
Carrots : 3
Carrots : 3
Carrots : 3
Carrots : 3
x: 937.0
y: 522.0
mousey:-2.4299999999999997 Posy:0.0
UPS: 60FPS: 60
Carrots : 3
Carrots : 3
Carrots : 3
Carrots : 3
Carrots : 3
Carrots : 3
Carrots : 3
Carrots : 3
Carrots : 3
Carrots : 3
Carrots : 3
Carrots : 3
Carrots : 3
Carrots : 3
Carrots : 3
Carrots : 3
Carrots : 3
Carrots : 3
Carrots : 3
Carrots : 3
Carrots : 3
mousey:5.4 Posy:-0.80558705
Carrots : 3
Carrots : 3
Carrots : 3
Carrots : 3
Carrots : 3
Carrots : 3
Carrots : 3
Carrots : 3
Carrots : 3
Carrots : 3
Carrots : 3
Carrots : 3
Carrots : 3
Carrots : 3
Carrots : 3
Carrots : 3
Carrots : 3
Carrots : 3
Carrots : 3
x: 938.0
y: 516.0
mousey:-2.34 Posy:0.0
Carrots : 3
Carrots : 3
Carrots : 3
Carrots : 3
Carrots : 3
Carrots : 3
Carrots : 3
Carrots : 3
Carrots : 3
Carrots : 3
0.0
Carrots : 3
Carrots : 3
Carrots : 3
Carrots : 3
Carrots : 3
Carrots : 3
Carrots : 3
UPS: 57FPS: 57
Carrots : 3
Carrots : 3
Carrots : 3
Carrots : 3
Carrots : 3
Carrots : 3
Carrots : 3
Carrots : 3
Carrots : 3
Carrots : 3
Carrots : 3
Carrots : 3
Carrots : 3
Carrots : 3
Carrots : 3
Carrots : 3
Carrots : 3
Carrots : 3
Carrots : 3
Carrots : 3
Carrots : 3
x: 915.0
y: 419.0
mousey:-0.8850000000000005 Posy:0.0
Carrots : 3
Carrots : 3
Carrots : 3
Carrots : 3
mousey:5.4 Posy:-0.19558755
Carrots : 3
Carrots : 3
Carrots : 3
Carrots : 3
Carrots : 3
hit
Carrots : 3
Carrots : 3
Carrots : 3
Carrots : 3
Carrots : 3
Carrots : 3
Carrots : 3
Carrots : 3
Carrots : 3
Carrots : 3
Carrots : 3
Carrots : 3
Carrots : 3
Carrots : 3
Carrots : 3
Carrots : 3
Carrots : 3
Carrots : 3
Carrots : 3
Carrots : 3
Carrots : 3
Carrots : 3
Carrots : 3
Carrots : 3
Carrots : 3
mousey:5.4 Posy:-1.7531226
Carrots : 3
Carrots : 3
Carrots : 3
Carrots : 3
UPS: 59FPS: 59
Carrots : 3
Carrots : 3
Carrots : 3
Carrots : 3
Carrots : 3
Carrots : 3
hit
Carrots : 3
x: 445.0
y: 652.0
mousey:-4.379999999999999 Posy:0.0
Carrots : 3
Carrots : 3
Carrots : 3
Carrots : 3
Carrots : 3
Carrots : 3
Carrots : 3
Carrots : 3
Carrots : 3
Carrots : 3
Carrots : 3
Carrots : 3
Carrots : 3
Carrots : 3
Carrots : 3
Carrots : 3
Carrots : 3
Carrots : 3
0.0
Carrots : 3
Carrots : 3
Carrots : 3
Carrots : 3
Carrots : 3
Carrots : 3
Carrots : 3
Carrots : 3
Carrots : 3
Carrots : 3
Carrots : 3
Carrots : 3
Carrots : 3
Carrots : 3
Carrots : 3
Carrots : 3
Carrots : 3
Carrots : 3
Carrots : 3
Carrots : 3
Carrots : 3
Carrots : 3
Carrots : 3
Carrots : 3
Carrots : 3
Carrots : 3
Carrots : 3
Carrots : 3
Carrots : 3
Carrots : 3
Carrots : 3
UPS: 56FPS: 56
Carrots : 3
Carrots : 3
Carrots : 3
Carrots : 3
Carrots : 3
Carrots : 3
Carrots : 3
Carrots : 3
Carrots : 3
Carrots : 3
Carrots : 3
Carrots : 3
x: 380.0
y: 618.0
mousey:-3.869999999999999 Posy:0.0
Carrots : 3
Carrots : 3
Carrots : 3
Carrots : 3
Carrots : 3
Carrots : 3
Carrots : 3
Carrots : 3
Carrots : 3
Carrots : 3
Carrots : 3
Carrots : 3
hit
Carrots : 3
Carrots : 3
Carrots : 3
Carrots : 3
Carrots : 3
Carrots : 3
Carrots : 3
Carrots : 3
Carrots : 3
Carrots : 3
Carrots : 3
Carrots : 3
Carrots : 3
Carrots : 3
Carrots : 3
Carrots : 3
Carrots : 3
Carrots : 3
Carrots : 3
Carrots : 3
Carrots : 3
Carrots : 3
Carrots : 3
Carrots : 3
Carrots : 3
Carrots : 3
Carrots : 3
Carrots : 3
Carrots : 3
Carrots : 3
Carrots : 3
Carrots : 3
Carrots : 3
Carrots : 3
Carrots : 3
UPS: 59FPS: 59
Carrots : 3
0.0
Carrots : 3
Carrots : 3
Carrots : 3
Carrots : 3
Carrots : 3
Carrots : 3
Carrots : 3
Carrots : 3
Carrots : 3
Carrots : 3
Carrots : 3
Carrots : 3
Carrots : 3
Carrots : 3
Carrots : 3
Carrots : 3
Carrots : 3
Carrots : 3
Carrots : 3
Carrots : 3
Carrots : 3
Carrots : 3
Carrots : 3
Carrots : 3
Carrots : 3
Carrots : 3
Carrots : 3
Carrots : 3
Carrots : 3
Carrots : 3
Carrots : 3
Carrots : 3
Carrots : 3
Carrots : 3
Carrots : 3
x: 964.0
y: 475.0
mousey:-1.7249999999999999 Posy:0.0
Carrots : 3
Carrots : 3
Carrots : 3
Carrots : 3
Carrots : 3
Carrots : 3
Carrots : 3
Carrots : 3
Carrots : 3
Carrots : 3
Carrots : 3
Carrots : 3
Carrots : 3
Carrots : 3
Carrots : 3
Carrots : 3
Carrots : 3
Carrots : 3
Carrots : 3
Carrots : 3
Carrots : 3
Carrots : 3
Carrots : 3
Carrots : 3
UPS: 60FPS: 60
Carrots : 3
Carrots : 3
Carrots : 3
mousey:5.4 Posy:-0.1643536
Carrots : 3
Carrots : 3
x: 949.0
y: 377.0
mousey:-0.2549999999999999 Posy:0.0
Carrots : 3
Carrots : 3
Carrots : 3
Carrots : 3
Carrots : 3
Carrots : 3
Carrots : 3
Carrots : 3
Carrots : 3
Carrots : 3
Carrots : 3
Carrots : 3
Carrots : 3
hit
Carrots : 3
Carrots : 3
Carrots : 3
Carrots : 3
Carrots : 3
Carrots : 3
Carrots : 3
Carrots : 3
Carrots : 3
Carrots : 3
Carrots : 3
Carrots : 3
Carrots : 3
Carrots : 3
0.0
Carrots : 3
Carrots : 3
Carrots : 3
Carrots : 3
Carrots : 3
Carrots : 3
Carrots : 3
Carrots : 3
Carrots : 3
Carrots : 3
Carrots : 3
Carrots : 3
Carrots : 3
Carrots : 3
Carrots : 3
Carrots : 3
Carrots : 3
Carrots : 3
Carrots : 3
Carrots : 3
Carrots : 3
Carrots : 3
Carrots : 3
Carrots : 3
Carrots : 3
UPS: 57FPS: 57
Carrots : 3
Carrots : 3
Carrots : 3
Carrots : 3
Carrots : 3
Carrots : 3
Carrots : 3
Carrots : 3
Carrots : 3
Carrots : 3
Carrots : 3
Carrots : 3
Carrots : 3
Carrots : 3
Carrots : 3
Carrots : 3
Carrots : 3
Carrots : 3
Carrots : 3
Carrots : 3
Carrots : 3
Carrots : 3
Carrots : 3
Carrots : 3
Carrots : 3
Carrots : 3
Carrots : 3
x: 870.0
y: 363.0
mousey:-0.04499999999999971 Posy:0.0
Carrots : 3
hit
Carrots : 3
Carrots : 4
Carrots : 4
Carrots : 4
Carrots : 4
Carrots : 4
Carrots : 4
Carrots : 4
Carrots : 4
Carrots : 4
Carrots : 4
Carrots : 4
Carrots : 4
Carrots : 4
Carrots : 4
Carrots : 4
x: 856.0
y: 365.0
mousey:-0.07499999999999973 Posy:0.0
Carrots : 4
Carrots : 4
Carrots : 4
Carrots : 4
Carrots : 4
Carrots : 4
Carrots : 4
Carrots : 4
Carrots : 4
Carrots : 4
Carrots : 4
Carrots : 4
UPS: 56FPS: 56
Carrots : 4
Carrots : 4
Carrots : 4
Carrots : 4
Carrots : 4
Carrots : 4
Carrots : 4
Carrots : 4
Carrots : 4
Carrots : 4
0.0
Carrots : 4
x: 855.0
y: 366.0
mousey:-0.09000000000000008 Posy:0.0
Carrots : 4
Carrots : 4
Carrots : 4
Carrots : 4
Carrots : 4
Carrots : 4
Carrots : 4
Carrots : 4
Carrots : 4
Carrots : 4
Carrots : 4
Carrots : 4
Carrots : 4
Carrots : 4
Carrots : 4
Carrots : 4
Carrots : 4
Carrots : 4
Carrots : 4
Carrots : 4
Carrots : 4
Carrots : 4
Carrots : 4
Carrots : 4
Carrots : 4
Carrots : 4
Carrots : 4
Carrots : 4
Carrots : 4
Carrots : 4
Carrots : 4
Carrots : 4
Carrots : 4
Carrots : 4
Carrots : 4
Carrots : 4
Carrots : 4
x: 779.0
y: 244.0
mousey:1.7400000000000002 Posy:0.0
Carrots : 4
Carrots : 4
Carrots : 4
Carrots : 4
Carrots : 4
Carrots : 4
Carrots : 4
UPS: 55FPS: 55
Carrots : 4
Carrots : 4
Carrots : 4
hit
Carrots : 4
Carrots : 4
Carrots : 4
Carrots : 4
Carrots : 4
Carrots : 4
Carrots : 4
Carrots : 4
Carrots : 4
Carrots : 4
Carrots : 4
Carrots : 4
Carrots : 4
Carrots : 4
Carrots : 4
Carrots : 4
Carrots : 4
Carrots : 4
Carrots : 4
Carrots : 4
Carrots : 4
Carrots : 4
Carrots : 4
Carrots : 4
Carrots : 4
Carrots : 4
Carrots : 4
Carrots : 4
Carrots : 4
Carrots : 4
Carrots : 4
Carrots : 4
Carrots : 4
Carrots : 4
Carrots : 4
Carrots : 4
Carrots : 4
Carrots : 4
Carrots : 4
Carrots : 4
Carrots : 4
Carrots : 4
Carrots : 4
0.0
Carrots : 4
Carrots : 4
Carrots : 4
Carrots : 4
Carrots : 4
Carrots : 4
Carrots : 4
Carrots : 4
Carrots : 4
Carrots : 4
Carrots : 4
Carrots : 4
Carrots : 4
UPS: 59FPS: 59
Carrots : 4
Carrots : 4
Carrots : 4
Carrots : 4
Carrots : 4
Carrots : 4
Carrots : 4
Carrots : 4
Carrots : 4
Carrots : 4
Carrots : 4
Carrots : 4
Carrots : 4
Carrots : 4
Carrots : 4
Carrots : 4
Carrots : 4
Carrots : 4
Carrots : 4
Carrots : 4
Carrots : 4
Carrots : 4
Carrots : 4
Carrots : 4
Carrots : 4
Carrots : 4
Carrots : 4
Carrots : 4
Carrots : 4
Carrots : 4
Carrots : 4
Carrots : 4
Carrots : 4
Carrots : 4
Carrots : 4
Carrots : 4
Carrots : 5
Carrots : 5
Carrots : 5
Carrots : 5
Carrots : 5
Carrots : 5
Carrots : 5
Carrots : 7
Carrots : 7
Carrots : 7
Carrots : 7
Carrots : 7
Carrots : 7
mousey:-15.60000321865082 Posy:-0.13538654
Carrots : 7
Carrots : 7
Carrots : 7
Carrots : 7
Carrots : 7
Carrots : 7
Carrots : 7
Carrots : 7
Carrots : 8
Carrots : 8
Carrots : 10
UPS: 60FPS: 60
Carrots : 10
Carrots : 11
Carrots : 11
Carrots : 11
Carrots : 11
Carrots : 11
Carrots : 11
Carrots : 11
Carrots : 11
Carrots : 11
Carrots : 11
Carrots : 11
Carrots : 11
Carrots : 11
Carrots : 11
Carrots : 11
Carrots : 11
Carrots : 11
0.0
Carrots : 11
Carrots : 11
Carrots : 12
Carrots : 13
hit
Carrots : 13
Carrots : 14
Carrots : 14
Carrots : 14
Carrots : 15
Carrots : 16
Carrots : 16
Carrots : 16
Carrots : 17
Carrots : 19
Carrots : 19
Carrots : 20
Carrots : 20
Carrots : 20
Carrots : 20
Carrots : 20
Carrots : 20
Carrots : 20
Carrots : 20
Carrots : 20
Carrots : 20
Carrots : 20
Carrots : 20
Carrots : 20
Carrots : 20
Carrots : 20
Carrots : 20
Carrots : 20
Carrots : 20
Carrots : 20
Carrots : 20
Carrots : 20
Carrots : 20
Carrots : 20
Carrots : 20
Carrots : 20
UPS: 58FPS: 58
Carrots : 20
Carrots : 20
Carrots : 20
Carrots : 20
Carrots : 20
Carrots : 20
Carrots : 20
Carrots : 20
Carrots : 20
Carrots : 20
Carrots : 20
Carrots : 20
Carrots : 20
Carrots : 20
Carrots : 20
Carrots : 20
Carrots : 20
Carrots : 20
Carrots : 20
Carrots : 20
Carrots : 20
Carrots : 20
mousey:29.400002145767214 Posy:-1.1538205
Carrots : 21
Carrots : 21
Carrots : 21
Carrots : 21
Carrots : 21
Carrots : 21
Carrots : 21
Carrots : 21
Carrots : 21
Carrots : 23
Carrots : 23
Carrots : 23
Carrots : 23
Carrots : 23
Carrots : 23
Carrots : 23
Carrots : 23
Carrots : 23
Carrots : 23
Carrots : 23
Carrots : 23
Carrots : 23
Carrots : 23
Carrots : 23
Carrots : 23
Carrots : 23
Carrots : 23
Carrots : 26
Carrots : 27
0.0
Carrots : 28
Carrots : 28
Carrots : 28
Carrots : 28
Carrots : 28
Carrots : 28
Carrots : 28
Carrots : 28
Carrots : 28
UPS: 60FPS: 60
Carrots : 28
Carrots : 28
Carrots : 28
Carrots : 28
Carrots : 28
Carrots : 28
Carrots : 28
Carrots : 28
Carrots : 28
Carrots : 28
Carrots : 28
Carrots : 28
Carrots : 28
Carrots : 28
Carrots : 28
Carrots : 29
Carrots : 29
Carrots : 29
Carrots : 29
Carrots : 29
Carrots : 29
Carrots : 29
Carrots : 29
mousey:2.3999988377094272 Posy:-0.5438211
Carrots : 29
Carrots : 29
Carrots : 29
Carrots : 29
Carrots : 29
Carrots : 29
Carrots : 29
Carrots : 29
Carrots : 29
Carrots : 29
Carrots : 29
Carrots : 29
Carrots : 29
Carrots : 29
Carrots : 29
Carrots : 29
Carrots : 29
hit
Carrots : 29
Carrots : 29
Carrots : 29
Carrots : 29
Carrots : 29
Carrots : 29
Carrots : 29
Carrots : 29
Carrots : 29
Carrots : 29
Carrots : 29
Carrots : 29
Carrots : 29
Carrots : 29
Carrots : 29
Carrots : 29
Carrots : 29
Carrots : 29
Carrots : 29
Carrots : 29
UPS: 60FPS: 60
Carrots : 29
Carrots : 29
Carrots : 29
Carrots : 29
Carrots : 29
Carrots : 29
Carrots : 29
Carrots : 29
Carrots : 29
Carrots : 29
Carrots : 29
Carrots : 29
Carrots : 29
Carrots : 29
Carrots : 29
Carrots : 29
Carrots : 29
Carrots : 29
Carrots : 29
Carrots : 29
Carrots : 29
Carrots : 29
0.0
Carrots : 29
Carrots : 29
mousey:50.399989271163946 Posy:0.066178665
Carrots : 29
Carrots : 29
Carrots : 29
Carrots : 29
Carrots : 29
Carrots : 29
Carrots : 29
Carrots : 29
Carrots : 29
Carrots : 29
Carrots : 29
Carrots : 29
Carrots : 29
Carrots : 29
Carrots : 29
Carrots : 29
Carrots : 29
Carrots : 29
Carrots : 29
Carrots : 29
Carrots : 29
Carrots : 29
Carrots : 29
Carrots : 29
Carrots : 29
Carrots : 29
Carrots : 29
Carrots : 29
Carrots : 29
Carrots : 29
Carrots : 29
Carrots : 29
Carrots : 29
Carrots : 29
Carrots : 29
Carrots : 29
UPS: 60FPS: 60
Carrots : 29
Carrots : 29
Carrots : 29
Carrots : 29
Carrots : 29
Carrots : 29
Carrots : 29
Carrots : 29
Carrots : 29
Carrots : 29
Carrots : 29
Carrots : 29
Carrots : 29
Carrots : 29
Carrots : 29
Carrots : 29
Carrots : 29
Carrots : 29
Carrots : 29
Carrots : 29
Carrots : 29
Carrots : 29
Carrots : 29
Carrots : 29
mousey:41.399997854232794 Posy:3.7177346
Carrots : 29
mousey:41.399997854232794 Posy:0.67617834
Carrots : 29
Carrots : 29
Carrots : 29
Carrots : 29
Carrots : 29
Carrots : 29
Carrots : 29
Carrots : 29
Carrots : 29
Carrots : 29
Carrots : 29
Carrots : 29
Carrots : 29
Carrots : 29
Carrots : 29
Carrots : 29
Carrots : 29
Carrots : 29
Carrots : 29
Carrots : 29
Carrots : 29
Carrots : 29
Carrots : 29
Carrots : 29
Carrots : 29
Carrots : 29
Carrots : 29
Carrots : 29
0.0
Carrots : 29
Carrots : 29
Carrots : 29
Carrots : 29
Carrots : 29
Carrots : 29
Carrots : 29
x: 989.0
y: 257.0
mousey:1.5450000000000004 Posy:2.3999999
UPS: 60FPS: 60
Carrots : 29
Carrots : 29
Carrots : 29
Carrots : 29
Carrots : 29
Carrots : 29
Carrots : 29
Carrots : 29
Carrots : 29
Carrots : 29
Carrots : 29
Carrots : 29
Carrots : 29
Carrots : 29
Carrots : 29
Carrots : 29
Carrots : 29
Carrots : 29
Carrots : 29
Carrots : 29
Carrots : 29
Carrots : 29
Carrots : 29
Carrots : 29
Carrots : 29
mousey:41.399997854232794 Posy:3.1077352
Carrots : 29
mousey:41.399997854232794 Posy:1.2861778
Carrots : 29
Carrots : 29
Carrots : 29
Carrots : 29
Carrots : 29
Carrots : 29
Carrots : 29
Carrots : 29
Carrots : 29
Carrots : 29
Carrots : 29
x: 977.0
y: 245.0
mousey:1.7249999999999999 Posy:2.3999999
Carrots : 29
Carrots : 29
Carrots : 29
Carrots : 29
Carrots : 29
Carrots : 29
Carrots : 29
Carrots : 29
hit
Carrots : 29
Carrots : 29
Carrots : 29
Carrots : 29
Carrots : 29
Carrots : 29
Carrots : 29
Carrots : 29
Carrots : 29
Carrots : 29
mousey:41.399997854232794 Posy:1.8308582
Carrots : 29
Carrots : 29
Carrots : 29
Carrots : 29
UPS: 59FPS: 59
Carrots : 29
Carrots : 29
Carrots : 29
Carrots : 29
Carrots : 28
Carrots : 28
Carrots : 28
Carrots : 28
x: 960.0
y: 332.0
mousey:0.4200000000000004 Posy:2.3999999
Carrots : 28
Carrots : 28
Carrots : 28
Carrots : 28
Carrots : 28
hit
Carrots : 28
Carrots : 27
Carrots : 27
Carrots : 27
Carrots : 27
Carrots : 27
Carrots : 27
Carrots : 27
Carrots : 27
Carrots : 27
Carrots : 27
Carrots : 27
0.0
Carrots : 27
Carrots : 27
mousey:41.399997854232794 Posy:2.4977357
Carrots : 27
Carrots : 27
Carrots : 27
Carrots : 27
x: 962.0
y: 329.0
mousey:0.4650000000000001 Posy:2.3999999
Carrots : 27
Carrots : 27
Carrots : 27
Carrots : 27
Carrots : 27
Carrots : 27
Carrots : 27
Carrots : 27
Carrots : 27
Carrots : 27
Carrots : 27
hit
Carrots : 27
Carrots : 27
Carrots : 27
Carrots : 27
Carrots : 27
Carrots : 27
Carrots : 27
Carrots : 27
Carrots : 27
Carrots : 27
Carrots : 27
Carrots : 27
Carrots : 27
Carrots : 27
Carrots : 27
Carrots : 27
UPS: 58FPS: 58
Carrots : 27
Carrots : 27
Carrots : 27
Carrots : 27
Carrots : 27
Carrots : 27
Carrots : 27
Carrots : 27
Carrots : 27
Carrots : 27
Carrots : 27
Carrots : 27
Carrots : 27
Carrots : 27
Carrots : 27
Carrots : 27
Carrots : 27
Carrots : 27
Carrots : 27
Carrots : 27
Carrots : 27
Carrots : 27
Carrots : 27
Carrots : 27
Carrots : 27
Carrots : 27
Carrots : 27
Carrots : 27
Carrots : 27
mousey:41.399997854232794 Posy:1.4553823
Carrots : 27
Carrots : 27
Carrots : 27
Carrots : 27
Carrots : 27
Carrots : 27
Carrots : 27
Carrots : 27
Carrots : 27
Carrots : 27
Carrots : 27
Carrots : 27
Carrots : 27
Carrots : 27
Carrots : 27
Carrots : 27
Carrots : 27
Carrots : 27
Carrots : 27
Carrots : 27
Carrots : 27
Carrots : 27
Carrots : 27
Carrots : 27
Carrots : 27
Carrots : 27
Carrots : 27
Carrots : 27
UPS: 57FPS: 57
]]></system-out>
  </testcase>
  <testcase name="PupuCanCreateGunTest" classname="PupuTest" time="0"/>
  <testcase name="PupuCanBeCreatedTest" classname="PupuTest" time="0"/>
  <testcase name="PupuCanMoveTest" classname="PupuTest" time="0"/>
</testsuite>